<?xml version="1.0" encoding="utf-8"?>
<CoverageSession xmlns:xsd="http://www.w3.org/2001/XMLSchema" xmlns:xsi="http://www.w3.org/2001/XMLSchema-instance" Version="4.6.0.0">
  <Summary numSequencePoints="1425" visitedSequencePoints="545" numBranchPoints="372" visitedBranchPoints="148" sequenceCoverage="38.25" branchCoverage="39.78" maxCyclomaticComplexity="21" minCyclomaticComplexity="1" maxCrapScore="462" minCrapScore="1" visitedClasses="10" numClasses="24" visitedMethods="42" numMethods="136" />
  <Modules>
    <Module hash="E5-7F-9A-4F-CF-24-27-93-61-C5-60-2C-7D-2C-CE-73-E3-B3-E9-4E">
      <Summary numSequencePoints="457" visitedSequencePoints="15" numBranchPoints="63" visitedBranchPoints="2" sequenceCoverage="3.28" branchCoverage="3.17" maxCyclomaticComplexity="1" minCyclomaticComplexity="1" maxCrapScore="2" minCrapScore="1" visitedClasses="1" numClasses="12" visitedMethods="2" numMethods="63" />
      <ModulePath>C:\Users\User\Desktop\Studies\אימות ובדיקות תכנה\Project\Stage 3\Designs\HETS1\HETS1Design.UnitTests\bin\Debug\HETS1Design.UnitTests.dll</ModulePath>
      <ModuleTime>2020-08-27T19:15:32.7553908Z</ModuleTime>
      <ModuleName>HETS1Design.UnitTests</ModuleName>
      <Files>
        <File uid="1" fullPath="C:\Users\User\Desktop\Studies\אימות ובדיקות תכנה\Project\Stage 3\Designs\HETS1\HETS1Design.UnitTests\HETS Test Classes\CodeCheckerTest.cs" />
        <File uid="2" fullPath="C:\Users\User\Desktop\Studies\אימות ובדיקות תכנה\Project\Stage 3\Designs\HETS1\HETS1Design.UnitTests\HETS Test Classes\OutputResultTest.cs" />
        <File uid="3" fullPath="C:\Users\User\Desktop\Studies\אימות ובדיקות תכנה\Project\Stage 3\Designs\HETS1\HETS1Design.UnitTests\HETS Test Classes\SingleSubmissionTest.cs" />
        <File uid="4" fullPath="C:\Users\User\Desktop\Studies\אימות ובדיקות תכנה\Project\Stage 3\Designs\HETS1\HETS1Design.UnitTests\HETS Test Classes\SingleTestCaseTest.cs" />
        <File uid="7" fullPath="C:\Users\User\Desktop\Studies\אימות ובדיקות תכנה\Project\Stage 3\Designs\HETS1\HETS1Design.UnitTests\HETS Test Classes\SubmissionsTest.cs" />
        <File uid="8" fullPath="C:\Users\User\Desktop\Studies\אימות ובדיקות תכנה\Project\Stage 3\Designs\HETS1\HETS1Design.UnitTests\HETS Test Classes\TestCasesTest.cs" />
        <File uid="10" fullPath="C:\Users\User\Desktop\Studies\אימות ובדיקות תכנה\Project\Stage 3\Designs\HETS1\HETS1Design.UnitTests\HETS Test Classes\ZipArchiveHandlerTest.cs" />
        <File uid="11" fullPath="C:\Users\User\Desktop\Studies\אימות ובדיקות תכנה\Project\Stage 3\Designs\HETS1\HETS1Design.UnitTests\HETS Test Classes\MainScreenLogicTest.cs" />
        <File uid="12" fullPath="C:\Users\User\Desktop\Studies\אימות ובדיקות תכנה\Project\Stage 3\Designs\HETS1\HETS1Design.UnitTests\HETS Test Classes\AFullUseScript.cs" />
      </Files>
      <Classes>
        <Class>
          <Summary numSequencePoints="11" visitedSequencePoints="0" numBranchPoints="2" visitedBranchPoints="0" sequenceCoverage="0" branchCoverage="0" maxCyclomaticComplexity="1" minCyclomaticComplexity="1" maxCrapScore="2" minCrapScore="2" visitedClasses="0" numClasses="1" visitedMethods="0" numMethods="2" />
          <FullName>HETS1Design.CodeCheckerTest</FullName>
          <Methods>
            <Method visited="false" cyclomaticComplexity="1" nPathComplexity="0" sequenceCoverage="0" branchCoverage="0" crapScore="2" isConstructor="false" isStatic="false" isGetter="false" isSetter="false">
              <Summary numSequencePoints="5" visitedSequencePoints="0" numBranchPoints="1" visitedBranchPoints="0" sequenceCoverage="0" branchCoverage="0" maxCyclomaticComplexity="1" minCyclomaticComplexity="1" maxCrapScore="2" minCrapScore="2" visitedClasses="0" numClasses="0" visitedMethods="0" numMethods="1" />
              <MetadataToken>100663297</MetadataToken>
              <Name>System.Void HETS1Design.CodeCheckerTest::CompileCode_ReturnsOutput()</Name>
              <FileRef uid="1" />
              <SequencePoints>
                <SequencePoint vc="0" uspid="1" ordinal="0" offset="0" sl="12" sc="9" el="12" ec="10" bec="0" bev="0" fileid="1" />
                <SequencePoint vc="0" uspid="2" ordinal="1" offset="1" sl="14" sc="13" el="14" ec="92" bec="0" bev="0" fileid="1" />
                <SequencePoint vc="0" uspid="3" ordinal="2" offset="7" sl="16" sc="13" el="16" ec="61" bec="0" bev="0" fileid="1" />
                <SequencePoint vc="0" uspid="4" ordinal="3" offset="14" sl="17" sc="13" el="17" ec="39" bec="0" bev="0" fileid="1" />
                <SequencePoint vc="0" uspid="5" ordinal="4" offset="21" sl="18" sc="9" el="18" ec="10" bec="0" bev="0" fileid="1" />
              </SequencePoints>
              <BranchPoints />
              <MethodPoint xsi:type="SequencePoint" vc="0" uspid="1" ordinal="0" offset="0" sl="12" sc="9" el="12" ec="10" bec="0" bev="0" fileid="1" />
            </Method>
            <Method visited="false" cyclomaticComplexity="1" nPathComplexity="0" sequenceCoverage="0" branchCoverage="0" crapScore="2" isConstructor="false" isStatic="false" isGetter="false" isSetter="false">
              <Summary numSequencePoints="6" visitedSequencePoints="0" numBranchPoints="1" visitedBranchPoints="0" sequenceCoverage="0" branchCoverage="0" maxCyclomaticComplexity="1" minCyclomaticComplexity="1" maxCrapScore="2" minCrapScore="2" visitedClasses="0" numClasses="0" visitedMethods="0" numMethods="1" />
              <MetadataToken>100663298</MetadataToken>
              <Name>System.Void HETS1Design.CodeCheckerTest::RunEXE_ReturnsOutput()</Name>
              <FileRef uid="1" />
              <SequencePoints>
                <SequencePoint vc="0" uspid="6" ordinal="0" offset="0" sl="22" sc="9" el="22" ec="10" bec="0" bev="0" fileid="1" />
                <SequencePoint vc="0" uspid="7" ordinal="1" offset="1" sl="24" sc="13" el="24" ec="94" bec="0" bev="0" fileid="1" />
                <SequencePoint vc="0" uspid="8" ordinal="2" offset="7" sl="25" sc="13" el="25" ec="31" bec="0" bev="0" fileid="1" />
                <SequencePoint vc="0" uspid="9" ordinal="3" offset="13" sl="27" sc="13" el="27" ec="63" bec="0" bev="0" fileid="1" />
                <SequencePoint vc="0" uspid="10" ordinal="4" offset="21" sl="28" sc="13" el="28" ec="39" bec="0" bev="0" fileid="1" />
                <SequencePoint vc="0" uspid="11" ordinal="5" offset="28" sl="29" sc="9" el="29" ec="10" bec="0" bev="0" fileid="1" />
              </SequencePoints>
              <BranchPoints />
              <MethodPoint xsi:type="SequencePoint" vc="0" uspid="6" ordinal="0" offset="0" sl="22" sc="9" el="22" ec="10" bec="0" bev="0" fileid="1" />
            </Method>
            <Method visited="false" cyclomaticComplexity="1" nPathComplexity="0" sequenceCoverage="0" branchCoverage="0" crapScore="2" isConstructor="true" isStatic="false" isGetter="false" isSetter="false">
              <Summary numSequencePoints="0" visitedSequencePoints="0" numBranchPoints="0" visitedBranchPoints="0" sequenceCoverage="0" branchCoverage="0" maxCyclomaticComplexity="1" minCyclomaticComplexity="1" maxCrapScore="2" minCrapScore="2" visitedClasses="0" numClasses="0" visitedMethods="0" numMethods="0" />
              <MetadataToken>100663299</MetadataToken>
              <Name>System.Void HETS1Design.CodeCheckerTest::.ctor()</Name>
              <SequencePoints />
              <BranchPoints />
              <MethodPoint vc="0" uspid="12" ordinal="0" offset="0" />
            </Method>
          </Methods>
        </Class>
        <Class>
          <Summary numSequencePoints="11" visitedSequencePoints="0" numBranchPoints="3" visitedBranchPoints="0" sequenceCoverage="0" branchCoverage="0" maxCyclomaticComplexity="1" minCyclomaticComplexity="1" maxCrapScore="2" minCrapScore="2" visitedClasses="0" numClasses="1" visitedMethods="0" numMethods="3" />
          <FullName>HETS1Design.OutputResultTest</FullName>
          <Methods>
            <Method visited="false" cyclomaticComplexity="1" nPathComplexity="0" sequenceCoverage="0" branchCoverage="0" crapScore="2" isConstructor="false" isStatic="false" isGetter="false" isSetter="false">
              <Summary numSequencePoints="3" visitedSequencePoints="0" numBranchPoints="1" visitedBranchPoints="0" sequenceCoverage="0" branchCoverage="0" maxCyclomaticComplexity="1" minCyclomaticComplexity="1" maxCrapScore="2" minCrapScore="2" visitedClasses="0" numClasses="0" visitedMethods="0" numMethods="1" />
              <MetadataToken>100663300</MetadataToken>
              <Name>System.Void HETS1Design.OutputResultTest::Initialize()</Name>
              <FileRef uid="2" />
              <SequencePoints>
                <SequencePoint vc="0" uspid="13" ordinal="0" offset="0" sl="13" sc="9" el="13" ec="10" bec="0" bev="0" fileid="2" />
                <SequencePoint vc="0" uspid="14" ordinal="1" offset="1" sl="14" sc="13" el="14" ec="53" bec="0" bev="0" fileid="2" />
                <SequencePoint vc="0" uspid="15" ordinal="2" offset="17" sl="15" sc="9" el="15" ec="10" bec="0" bev="0" fileid="2" />
              </SequencePoints>
              <BranchPoints />
              <MethodPoint xsi:type="SequencePoint" vc="0" uspid="13" ordinal="0" offset="0" sl="13" sc="9" el="13" ec="10" bec="0" bev="0" fileid="2" />
            </Method>
            <Method visited="false" cyclomaticComplexity="1" nPathComplexity="0" sequenceCoverage="0" branchCoverage="0" crapScore="2" isConstructor="false" isStatic="false" isGetter="false" isSetter="false">
              <Summary numSequencePoints="4" visitedSequencePoints="0" numBranchPoints="1" visitedBranchPoints="0" sequenceCoverage="0" branchCoverage="0" maxCyclomaticComplexity="1" minCyclomaticComplexity="1" maxCrapScore="2" minCrapScore="2" visitedClasses="0" numClasses="0" visitedMethods="0" numMethods="1" />
              <MetadataToken>100663301</MetadataToken>
              <Name>System.Void HETS1Design.OutputResultTest::Match_True()</Name>
              <FileRef uid="2" />
              <SequencePoints>
                <SequencePoint vc="0" uspid="16" ordinal="0" offset="0" sl="19" sc="9" el="19" ec="10" bec="0" bev="0" fileid="2" />
                <SequencePoint vc="0" uspid="17" ordinal="1" offset="1" sl="20" sc="13" el="20" ec="24" bec="0" bev="0" fileid="2" />
                <SequencePoint vc="0" uspid="18" ordinal="2" offset="13" sl="21" sc="13" el="21" ec="42" bec="0" bev="0" fileid="2" />
                <SequencePoint vc="0" uspid="19" ordinal="3" offset="30" sl="22" sc="9" el="22" ec="10" bec="0" bev="0" fileid="2" />
              </SequencePoints>
              <BranchPoints />
              <MethodPoint xsi:type="SequencePoint" vc="0" uspid="16" ordinal="0" offset="0" sl="19" sc="9" el="19" ec="10" bec="0" bev="0" fileid="2" />
            </Method>
            <Method visited="false" cyclomaticComplexity="1" nPathComplexity="0" sequenceCoverage="0" branchCoverage="0" crapScore="2" isConstructor="false" isStatic="false" isGetter="false" isSetter="false">
              <Summary numSequencePoints="4" visitedSequencePoints="0" numBranchPoints="1" visitedBranchPoints="0" sequenceCoverage="0" branchCoverage="0" maxCyclomaticComplexity="1" minCyclomaticComplexity="1" maxCrapScore="2" minCrapScore="2" visitedClasses="0" numClasses="0" visitedMethods="0" numMethods="1" />
              <MetadataToken>100663302</MetadataToken>
              <Name>System.Void HETS1Design.OutputResultTest::Mismatch_NotTrue()</Name>
              <FileRef uid="2" />
              <SequencePoints>
                <SequencePoint vc="0" uspid="20" ordinal="0" offset="0" sl="26" sc="9" el="26" ec="10" bec="0" bev="0" fileid="2" />
                <SequencePoint vc="0" uspid="21" ordinal="1" offset="1" sl="27" sc="13" el="27" ec="27" bec="0" bev="0" fileid="2" />
                <SequencePoint vc="0" uspid="22" ordinal="2" offset="13" sl="28" sc="13" el="28" ec="43" bec="0" bev="0" fileid="2" />
                <SequencePoint vc="0" uspid="23" ordinal="3" offset="30" sl="29" sc="9" el="29" ec="10" bec="0" bev="0" fileid="2" />
              </SequencePoints>
              <BranchPoints />
              <MethodPoint xsi:type="SequencePoint" vc="0" uspid="20" ordinal="0" offset="0" sl="26" sc="9" el="26" ec="10" bec="0" bev="0" fileid="2" />
            </Method>
            <Method visited="false" cyclomaticComplexity="1" nPathComplexity="0" sequenceCoverage="0" branchCoverage="0" crapScore="2" isConstructor="true" isStatic="false" isGetter="false" isSetter="false">
              <Summary numSequencePoints="0" visitedSequencePoints="0" numBranchPoints="0" visitedBranchPoints="0" sequenceCoverage="0" branchCoverage="0" maxCyclomaticComplexity="1" minCyclomaticComplexity="1" maxCrapScore="2" minCrapScore="2" visitedClasses="0" numClasses="0" visitedMethods="0" numMethods="0" />
              <MetadataToken>100663303</MetadataToken>
              <Name>System.Void HETS1Design.OutputResultTest::.ctor()</Name>
              <SequencePoints />
              <BranchPoints />
              <MethodPoint vc="0" uspid="24" ordinal="0" offset="0" />
            </Method>
          </Methods>
        </Class>
        <Class>
          <Summary numSequencePoints="82" visitedSequencePoints="0" numBranchPoints="13" visitedBranchPoints="0" sequenceCoverage="0" branchCoverage="0" maxCyclomaticComplexity="1" minCyclomaticComplexity="1" maxCrapScore="2" minCrapScore="2" visitedClasses="0" numClasses="1" visitedMethods="0" numMethods="13" />
          <FullName>HETS1Design.SingleSubmissionTest</FullName>
          <Methods>
            <Method visited="false" cyclomaticComplexity="1" nPathComplexity="0" sequenceCoverage="0" branchCoverage="0" crapScore="2" isConstructor="false" isStatic="false" isGetter="false" isSetter="false">
              <Summary numSequencePoints="15" visitedSequencePoints="0" numBranchPoints="1" visitedBranchPoints="0" sequenceCoverage="0" branchCoverage="0" maxCyclomaticComplexity="1" minCyclomaticComplexity="1" maxCrapScore="2" minCrapScore="2" visitedClasses="0" numClasses="0" visitedMethods="0" numMethods="1" />
              <MetadataToken>100663304</MetadataToken>
              <Name>System.Void HETS1Design.SingleSubmissionTest::Initialize()</Name>
              <FileRef uid="3" />
              <SequencePoints>
                <SequencePoint vc="0" uspid="25" ordinal="0" offset="0" sl="14" sc="9" el="14" ec="10" bec="0" bev="0" fileid="3" />
                <SequencePoint vc="0" uspid="26" ordinal="1" offset="1" sl="15" sc="13" el="15" ec="44" bec="0" bev="0" fileid="3" />
                <SequencePoint vc="0" uspid="27" ordinal="2" offset="7" sl="16" sc="13" el="16" ec="40" bec="0" bev="0" fileid="3" />
                <SequencePoint vc="0" uspid="28" ordinal="3" offset="13" sl="17" sc="13" el="17" ec="48" bec="0" bev="0" fileid="3" />
                <SequencePoint vc="0" uspid="29" ordinal="4" offset="29" sl="18" sc="13" el="18" ec="48" bec="0" bev="0" fileid="3" />
                <SequencePoint vc="0" uspid="30" ordinal="5" offset="45" sl="19" sc="13" el="19" ec="48" bec="0" bev="0" fileid="3" />
                <SequencePoint vc="0" uspid="31" ordinal="6" offset="61" sl="20" sc="13" el="20" ec="95" bec="0" bev="0" fileid="3" />
                <SequencePoint vc="0" uspid="32" ordinal="7" offset="78" sl="21" sc="13" el="21" ec="96" bec="0" bev="0" fileid="3" />
                <SequencePoint vc="0" uspid="33" ordinal="8" offset="95" sl="23" sc="13" el="23" ec="96" bec="0" bev="0" fileid="3" />
                <SequencePoint vc="0" uspid="34" ordinal="9" offset="112" sl="25" sc="13" el="25" ec="31" bec="0" bev="0" fileid="3" />
                <SequencePoint vc="0" uspid="35" ordinal="10" offset="114" sl="26" sc="13" el="26" ec="42" bec="0" bev="0" fileid="3" />
                <SequencePoint vc="0" uspid="36" ordinal="11" offset="120" sl="27" sc="13" el="27" ec="44" bec="0" bev="0" fileid="3" />
                <SequencePoint vc="0" uspid="37" ordinal="12" offset="126" sl="28" sc="13" el="28" ec="58" bec="0" bev="0" fileid="3" />
                <SequencePoint vc="0" uspid="38" ordinal="13" offset="135" sl="29" sc="13" el="29" ec="58" bec="0" bev="0" fileid="3" />
                <SequencePoint vc="0" uspid="39" ordinal="14" offset="144" sl="30" sc="9" el="30" ec="10" bec="0" bev="0" fileid="3" />
              </SequencePoints>
              <BranchPoints />
              <MethodPoint xsi:type="SequencePoint" vc="0" uspid="25" ordinal="0" offset="0" sl="14" sc="9" el="14" ec="10" bec="0" bev="0" fileid="3" />
            </Method>
            <Method visited="false" cyclomaticComplexity="1" nPathComplexity="0" sequenceCoverage="0" branchCoverage="0" crapScore="2" isConstructor="false" isStatic="false" isGetter="false" isSetter="false">
              <Summary numSequencePoints="4" visitedSequencePoints="0" numBranchPoints="1" visitedBranchPoints="0" sequenceCoverage="0" branchCoverage="0" maxCyclomaticComplexity="1" minCyclomaticComplexity="1" maxCrapScore="2" minCrapScore="2" visitedClasses="0" numClasses="0" visitedMethods="0" numMethods="1" />
              <MetadataToken>100663305</MetadataToken>
              <Name>System.Void HETS1Design.SingleSubmissionTest::SingleSubmission_Creates()</Name>
              <FileRef uid="3" />
              <SequencePoints>
                <SequencePoint vc="0" uspid="40" ordinal="0" offset="0" sl="36" sc="9" el="36" ec="10" bec="0" bev="0" fileid="3" />
                <SequencePoint vc="0" uspid="41" ordinal="1" offset="1" sl="37" sc="13" el="37" ec="34" bec="0" bev="0" fileid="3" />
                <SequencePoint vc="0" uspid="42" ordinal="2" offset="13" sl="38" sc="13" el="38" ec="43" bec="0" bev="0" fileid="3" />
                <SequencePoint vc="0" uspid="43" ordinal="3" offset="30" sl="39" sc="9" el="39" ec="10" bec="0" bev="0" fileid="3" />
              </SequencePoints>
              <BranchPoints />
              <MethodPoint xsi:type="SequencePoint" vc="0" uspid="40" ordinal="0" offset="0" sl="36" sc="9" el="36" ec="10" bec="0" bev="0" fileid="3" />
            </Method>
            <Method visited="false" cyclomaticComplexity="1" nPathComplexity="0" sequenceCoverage="0" branchCoverage="0" crapScore="2" isConstructor="false" isStatic="false" isGetter="false" isSetter="false">
              <Summary numSequencePoints="5" visitedSequencePoints="0" numBranchPoints="1" visitedBranchPoints="0" sequenceCoverage="0" branchCoverage="0" maxCyclomaticComplexity="1" minCyclomaticComplexity="1" maxCrapScore="2" minCrapScore="2" visitedClasses="0" numClasses="0" visitedMethods="0" numMethods="1" />
              <MetadataToken>100663306</MetadataToken>
              <Name>System.Void HETS1Design.SingleSubmissionTest::AddCode_Success()</Name>
              <FileRef uid="3" />
              <SequencePoints>
                <SequencePoint vc="0" uspid="44" ordinal="0" offset="0" sl="43" sc="9" el="43" ec="10" bec="0" bev="0" fileid="3" />
                <SequencePoint vc="0" uspid="45" ordinal="1" offset="1" sl="44" sc="13" el="44" ec="94" bec="0" bev="0" fileid="3" />
                <SequencePoint vc="0" uspid="46" ordinal="2" offset="18" sl="45" sc="13" el="45" ec="112" bec="0" bev="0" fileid="3" />
                <SequencePoint vc="0" uspid="47" ordinal="3" offset="40" sl="46" sc="13" el="46" ec="42" bec="0" bev="0" fileid="3" />
                <SequencePoint vc="0" uspid="48" ordinal="4" offset="57" sl="47" sc="9" el="47" ec="10" bec="0" bev="0" fileid="3" />
              </SequencePoints>
              <BranchPoints />
              <MethodPoint xsi:type="SequencePoint" vc="0" uspid="44" ordinal="0" offset="0" sl="43" sc="9" el="43" ec="10" bec="0" bev="0" fileid="3" />
            </Method>
            <Method visited="false" cyclomaticComplexity="1" nPathComplexity="0" sequenceCoverage="0" branchCoverage="0" crapScore="2" isConstructor="false" isStatic="false" isGetter="false" isSetter="false">
              <Summary numSequencePoints="5" visitedSequencePoints="0" numBranchPoints="1" visitedBranchPoints="0" sequenceCoverage="0" branchCoverage="0" maxCyclomaticComplexity="1" minCyclomaticComplexity="1" maxCrapScore="2" minCrapScore="2" visitedClasses="0" numClasses="0" visitedMethods="0" numMethods="1" />
              <MetadataToken>100663307</MetadataToken>
              <Name>System.Void HETS1Design.SingleSubmissionTest::AddExe_Success()</Name>
              <FileRef uid="3" />
              <SequencePoints>
                <SequencePoint vc="0" uspid="49" ordinal="0" offset="0" sl="51" sc="9" el="51" ec="10" bec="0" bev="0" fileid="3" />
                <SequencePoint vc="0" uspid="50" ordinal="1" offset="1" sl="52" sc="13" el="52" ec="95" bec="0" bev="0" fileid="3" />
                <SequencePoint vc="0" uspid="51" ordinal="2" offset="18" sl="53" sc="13" el="53" ec="113" bec="0" bev="0" fileid="3" />
                <SequencePoint vc="0" uspid="52" ordinal="3" offset="40" sl="54" sc="13" el="54" ec="41" bec="0" bev="0" fileid="3" />
                <SequencePoint vc="0" uspid="53" ordinal="4" offset="57" sl="55" sc="9" el="55" ec="10" bec="0" bev="0" fileid="3" />
              </SequencePoints>
              <BranchPoints />
              <MethodPoint xsi:type="SequencePoint" vc="0" uspid="49" ordinal="0" offset="0" sl="51" sc="9" el="51" ec="10" bec="0" bev="0" fileid="3" />
            </Method>
            <Method visited="false" cyclomaticComplexity="1" nPathComplexity="0" sequenceCoverage="0" branchCoverage="0" crapScore="2" isConstructor="false" isStatic="false" isGetter="false" isSetter="false">
              <Summary numSequencePoints="2" visitedSequencePoints="0" numBranchPoints="1" visitedBranchPoints="0" sequenceCoverage="0" branchCoverage="0" maxCyclomaticComplexity="1" minCyclomaticComplexity="1" maxCrapScore="2" minCrapScore="2" visitedClasses="0" numClasses="0" visitedMethods="0" numMethods="1" />
              <MetadataToken>100663308</MetadataToken>
              <Name>System.Void HETS1Design.SingleSubmissionTest::RunSubmittedProgram_AddedTestCasesToList()</Name>
              <FileRef uid="3" />
              <SequencePoints>
                <SequencePoint vc="0" uspid="54" ordinal="0" offset="0" sl="59" sc="9" el="59" ec="10" bec="0" bev="0" fileid="3" />
                <SequencePoint vc="0" uspid="55" ordinal="1" offset="1" sl="61" sc="9" el="61" ec="10" bec="0" bev="0" fileid="3" />
              </SequencePoints>
              <BranchPoints />
              <MethodPoint xsi:type="SequencePoint" vc="0" uspid="54" ordinal="0" offset="0" sl="59" sc="9" el="59" ec="10" bec="0" bev="0" fileid="3" />
            </Method>
            <Method visited="false" cyclomaticComplexity="1" nPathComplexity="0" sequenceCoverage="0" branchCoverage="0" crapScore="2" isConstructor="false" isStatic="false" isGetter="false" isSetter="false">
              <Summary numSequencePoints="2" visitedSequencePoints="0" numBranchPoints="1" visitedBranchPoints="0" sequenceCoverage="0" branchCoverage="0" maxCyclomaticComplexity="1" minCyclomaticComplexity="1" maxCrapScore="2" minCrapScore="2" visitedClasses="0" numClasses="0" visitedMethods="0" numMethods="1" />
              <MetadataToken>100663309</MetadataToken>
              <Name>System.Void HETS1Design.SingleSubmissionTest::CompareResultsToDesiredResults_Test()</Name>
              <FileRef uid="3" />
              <SequencePoints>
                <SequencePoint vc="0" uspid="56" ordinal="0" offset="0" sl="65" sc="9" el="65" ec="10" bec="0" bev="0" fileid="3" />
                <SequencePoint vc="0" uspid="57" ordinal="1" offset="1" sl="67" sc="9" el="67" ec="10" bec="0" bev="0" fileid="3" />
              </SequencePoints>
              <BranchPoints />
              <MethodPoint xsi:type="SequencePoint" vc="0" uspid="56" ordinal="0" offset="0" sl="65" sc="9" el="65" ec="10" bec="0" bev="0" fileid="3" />
            </Method>
            <Method visited="false" cyclomaticComplexity="1" nPathComplexity="0" sequenceCoverage="0" branchCoverage="0" crapScore="2" isConstructor="false" isStatic="false" isGetter="false" isSetter="false">
              <Summary numSequencePoints="3" visitedSequencePoints="0" numBranchPoints="1" visitedBranchPoints="0" sequenceCoverage="0" branchCoverage="0" maxCyclomaticComplexity="1" minCyclomaticComplexity="1" maxCrapScore="2" minCrapScore="2" visitedClasses="0" numClasses="0" visitedMethods="0" numMethods="1" />
              <MetadataToken>100663310</MetadataToken>
              <Name>System.Void HETS1Design.SingleSubmissionTest::CompareBothLists_CheckEqual()</Name>
              <FileRef uid="3" />
              <SequencePoints>
                <SequencePoint vc="0" uspid="58" ordinal="0" offset="0" sl="71" sc="9" el="71" ec="10" bec="0" bev="0" fileid="3" />
                <SequencePoint vc="0" uspid="59" ordinal="1" offset="1" sl="72" sc="13" el="72" ec="50" bec="0" bev="0" fileid="3" />
                <SequencePoint vc="0" uspid="60" ordinal="2" offset="18" sl="73" sc="9" el="73" ec="10" bec="0" bev="0" fileid="3" />
              </SequencePoints>
              <BranchPoints />
              <MethodPoint xsi:type="SequencePoint" vc="0" uspid="58" ordinal="0" offset="0" sl="71" sc="9" el="71" ec="10" bec="0" bev="0" fileid="3" />
            </Method>
            <Method visited="false" cyclomaticComplexity="1" nPathComplexity="0" sequenceCoverage="0" branchCoverage="0" crapScore="2" isConstructor="false" isStatic="false" isGetter="false" isSetter="false">
              <Summary numSequencePoints="18" visitedSequencePoints="0" numBranchPoints="1" visitedBranchPoints="0" sequenceCoverage="0" branchCoverage="0" maxCyclomaticComplexity="1" minCyclomaticComplexity="1" maxCrapScore="2" minCrapScore="2" visitedClasses="0" numClasses="0" visitedMethods="0" numMethods="1" />
              <MetadataToken>100663311</MetadataToken>
              <Name>System.Void HETS1Design.SingleSubmissionTest::Grading_Test()</Name>
              <FileRef uid="3" />
              <SequencePoints>
                <SequencePoint vc="0" uspid="61" ordinal="0" offset="0" sl="77" sc="9" el="77" ec="10" bec="0" bev="0" fileid="3" />
                <SequencePoint vc="0" uspid="62" ordinal="1" offset="1" sl="78" sc="13" el="78" ec="94" bec="0" bev="0" fileid="3" />
                <SequencePoint vc="0" uspid="63" ordinal="2" offset="18" sl="79" sc="13" el="79" ec="95" bec="0" bev="0" fileid="3" />
                <SequencePoint vc="0" uspid="64" ordinal="3" offset="35" sl="81" sc="13" el="81" ec="39" bec="0" bev="0" fileid="3" />
                <SequencePoint vc="0" uspid="65" ordinal="4" offset="47" sl="82" sc="13" el="82" ec="38" bec="0" bev="0" fileid="3" />
                <SequencePoint vc="0" uspid="66" ordinal="5" offset="59" sl="83" sc="13" el="83" ec="49" bec="0" bev="0" fileid="3" />
                <SequencePoint vc="0" uspid="67" ordinal="6" offset="71" sl="84" sc="13" el="84" ec="45" bec="0" bev="0" fileid="3" />
                <SequencePoint vc="0" uspid="68" ordinal="7" offset="86" sl="85" sc="13" el="85" ec="59" bec="0" bev="0" fileid="3" />
                <SequencePoint vc="0" uspid="69" ordinal="8" offset="103" sl="87" sc="13" el="87" ec="39" bec="0" bev="0" fileid="3" />
                <SequencePoint vc="0" uspid="70" ordinal="9" offset="111" sl="88" sc="13" el="88" ec="57" bec="0" bev="0" fileid="3" />
                <SequencePoint vc="0" uspid="71" ordinal="10" offset="119" sl="94" sc="13" el="94" ec="39" bec="0" bev="0" fileid="3" />
                <SequencePoint vc="0" uspid="72" ordinal="11" offset="131" sl="95" sc="13" el="95" ec="38" bec="0" bev="0" fileid="3" />
                <SequencePoint vc="0" uspid="73" ordinal="12" offset="143" sl="96" sc="13" el="96" ec="49" bec="0" bev="0" fileid="3" />
                <SequencePoint vc="0" uspid="74" ordinal="13" offset="155" sl="97" sc="13" el="97" ec="43" bec="0" bev="0" fileid="3" />
                <SequencePoint vc="0" uspid="75" ordinal="14" offset="164" sl="98" sc="13" el="98" ec="62" bec="0" bev="0" fileid="3" />
                <SequencePoint vc="0" uspid="76" ordinal="15" offset="181" sl="99" sc="13" el="99" ec="52" bec="0" bev="0" fileid="3" />
                <SequencePoint vc="0" uspid="77" ordinal="16" offset="204" sl="100" sc="13" el="100" ec="63" bec="0" bev="0" fileid="3" />
                <SequencePoint vc="0" uspid="78" ordinal="17" offset="212" sl="101" sc="9" el="101" ec="10" bec="0" bev="0" fileid="3" />
              </SequencePoints>
              <BranchPoints />
              <MethodPoint xsi:type="SequencePoint" vc="0" uspid="61" ordinal="0" offset="0" sl="77" sc="9" el="77" ec="10" bec="0" bev="0" fileid="3" />
            </Method>
            <Method visited="false" cyclomaticComplexity="1" nPathComplexity="0" sequenceCoverage="0" branchCoverage="0" crapScore="2" isConstructor="false" isStatic="false" isGetter="false" isSetter="false">
              <Summary numSequencePoints="2" visitedSequencePoints="0" numBranchPoints="1" visitedBranchPoints="0" sequenceCoverage="0" branchCoverage="0" maxCyclomaticComplexity="1" minCyclomaticComplexity="1" maxCrapScore="2" minCrapScore="2" visitedClasses="0" numClasses="0" visitedMethods="0" numMethods="1" />
              <MetadataToken>100663312</MetadataToken>
              <Name>System.Void HETS1Design.SingleSubmissionTest::ResultsVsCorrectResults_Test()</Name>
              <FileRef uid="3" />
              <SequencePoints>
                <SequencePoint vc="0" uspid="79" ordinal="0" offset="0" sl="105" sc="9" el="105" ec="10" bec="0" bev="0" fileid="3" />
                <SequencePoint vc="0" uspid="80" ordinal="1" offset="1" sl="107" sc="9" el="107" ec="10" bec="0" bev="0" fileid="3" />
              </SequencePoints>
              <BranchPoints />
              <MethodPoint xsi:type="SequencePoint" vc="0" uspid="79" ordinal="0" offset="0" sl="105" sc="9" el="105" ec="10" bec="0" bev="0" fileid="3" />
            </Method>
            <Method visited="false" cyclomaticComplexity="1" nPathComplexity="0" sequenceCoverage="0" branchCoverage="0" crapScore="2" isConstructor="false" isStatic="false" isGetter="false" isSetter="false">
              <Summary numSequencePoints="4" visitedSequencePoints="0" numBranchPoints="1" visitedBranchPoints="0" sequenceCoverage="0" branchCoverage="0" maxCyclomaticComplexity="1" minCyclomaticComplexity="1" maxCrapScore="2" minCrapScore="2" visitedClasses="0" numClasses="0" visitedMethods="0" numMethods="1" />
              <MetadataToken>100663313</MetadataToken>
              <Name>System.Void HETS1Design.SingleSubmissionTest::CorrectResultsPercentage_Test()</Name>
              <FileRef uid="3" />
              <SequencePoints>
                <SequencePoint vc="0" uspid="81" ordinal="0" offset="0" sl="111" sc="9" el="111" ec="10" bec="0" bev="0" fileid="3" />
                <SequencePoint vc="0" uspid="82" ordinal="1" offset="1" sl="112" sc="13" el="112" ec="55" bec="0" bev="0" fileid="3" />
                <SequencePoint vc="0" uspid="83" ordinal="2" offset="13" sl="113" sc="13" el="113" ec="45" bec="0" bev="0" fileid="3" />
                <SequencePoint vc="0" uspid="84" ordinal="3" offset="30" sl="114" sc="9" el="114" ec="10" bec="0" bev="0" fileid="3" />
              </SequencePoints>
              <BranchPoints />
              <MethodPoint xsi:type="SequencePoint" vc="0" uspid="81" ordinal="0" offset="0" sl="111" sc="9" el="111" ec="10" bec="0" bev="0" fileid="3" />
            </Method>
            <Method visited="false" cyclomaticComplexity="1" nPathComplexity="0" sequenceCoverage="0" branchCoverage="0" crapScore="2" isConstructor="false" isStatic="false" isGetter="false" isSetter="false">
              <Summary numSequencePoints="11" visitedSequencePoints="0" numBranchPoints="1" visitedBranchPoints="0" sequenceCoverage="0" branchCoverage="0" maxCyclomaticComplexity="1" minCyclomaticComplexity="1" maxCrapScore="2" minCrapScore="2" visitedClasses="0" numClasses="0" visitedMethods="0" numMethods="1" />
              <MetadataToken>100663314</MetadataToken>
              <Name>System.Void HETS1Design.SingleSubmissionTest::GetAllSingleSubmissionResults_Test()</Name>
              <FileRef uid="3" />
              <SequencePoints>
                <SequencePoint vc="0" uspid="85" ordinal="0" offset="0" sl="118" sc="9" el="118" ec="10" bec="0" bev="0" fileid="3" />
                <SequencePoint vc="0" uspid="86" ordinal="1" offset="1" sl="119" sc="13" el="119" ec="60" bec="0" bev="0" fileid="3" />
                <SequencePoint vc="0" uspid="87" ordinal="2" offset="13" sl="120" sc="13" el="120" ec="48" bec="0" bev="0" fileid="3" />
                <SequencePoint vc="0" uspid="88" ordinal="3" offset="25" sl="121" sc="13" el="121" ec="54" bec="0" bev="0" fileid="3" />
                <SequencePoint vc="0" uspid="89" ordinal="4" offset="42" sl="122" sc="13" el="122" ec="39" bec="0" bev="0" fileid="3" />
                <SequencePoint vc="0" uspid="90" ordinal="5" offset="54" sl="123" sc="13" el="123" ec="38" bec="0" bev="0" fileid="3" />
                <SequencePoint vc="0" uspid="91" ordinal="6" offset="66" sl="124" sc="13" el="124" ec="38" bec="0" bev="0" fileid="3" />
                <SequencePoint vc="0" uspid="92" ordinal="7" offset="78" sl="125" sc="13" el="125" ec="49" bec="0" bev="0" fileid="3" />
                <SequencePoint vc="0" uspid="93" ordinal="8" offset="90" sl="126" sc="13" el="126" ec="61" bec="0" bev="0" fileid="3" />
                <SequencePoint vc="0" uspid="94" ordinal="9" offset="102" sl="127" sc="13" el="127" ec="52" bec="0" bev="0" fileid="3" />
                <SequencePoint vc="0" uspid="95" ordinal="10" offset="114" sl="128" sc="9" el="128" ec="10" bec="0" bev="0" fileid="3" />
              </SequencePoints>
              <BranchPoints />
              <MethodPoint xsi:type="SequencePoint" vc="0" uspid="85" ordinal="0" offset="0" sl="118" sc="9" el="118" ec="10" bec="0" bev="0" fileid="3" />
            </Method>
            <Method visited="false" cyclomaticComplexity="1" nPathComplexity="0" sequenceCoverage="0" branchCoverage="0" crapScore="2" isConstructor="false" isStatic="false" isGetter="false" isSetter="false">
              <Summary numSequencePoints="7" visitedSequencePoints="0" numBranchPoints="1" visitedBranchPoints="0" sequenceCoverage="0" branchCoverage="0" maxCyclomaticComplexity="1" minCyclomaticComplexity="1" maxCrapScore="2" minCrapScore="2" visitedClasses="0" numClasses="0" visitedMethods="0" numMethods="1" />
              <MetadataToken>100663315</MetadataToken>
              <Name>System.Void HETS1Design.SingleSubmissionTest::CorrectResultsCount()</Name>
              <FileRef uid="3" />
              <SequencePoints>
                <SequencePoint vc="0" uspid="96" ordinal="0" offset="0" sl="132" sc="9" el="132" ec="10" bec="0" bev="0" fileid="3" />
                <SequencePoint vc="0" uspid="97" ordinal="1" offset="1" sl="133" sc="13" el="133" ec="95" bec="0" bev="0" fileid="3" />
                <SequencePoint vc="0" uspid="98" ordinal="2" offset="18" sl="134" sc="13" el="134" ec="38" bec="0" bev="0" fileid="3" />
                <SequencePoint vc="0" uspid="99" ordinal="3" offset="30" sl="135" sc="13" el="135" ec="49" bec="0" bev="0" fileid="3" />
                <SequencePoint vc="0" uspid="100" ordinal="4" offset="42" sl="136" sc="13" el="136" ec="49" bec="0" bev="0" fileid="3" />
                <SequencePoint vc="0" uspid="101" ordinal="5" offset="54" sl="137" sc="13" el="137" ec="38" bec="0" bev="0" fileid="3" />
                <SequencePoint vc="0" uspid="102" ordinal="6" offset="62" sl="138" sc="9" el="138" ec="10" bec="0" bev="0" fileid="3" />
              </SequencePoints>
              <BranchPoints />
              <MethodPoint xsi:type="SequencePoint" vc="0" uspid="96" ordinal="0" offset="0" sl="132" sc="9" el="132" ec="10" bec="0" bev="0" fileid="3" />
            </Method>
            <Method visited="false" cyclomaticComplexity="1" nPathComplexity="0" sequenceCoverage="0" branchCoverage="0" crapScore="2" isConstructor="false" isStatic="false" isGetter="false" isSetter="false">
              <Summary numSequencePoints="4" visitedSequencePoints="0" numBranchPoints="1" visitedBranchPoints="0" sequenceCoverage="0" branchCoverage="0" maxCyclomaticComplexity="1" minCyclomaticComplexity="1" maxCrapScore="2" minCrapScore="2" visitedClasses="0" numClasses="0" visitedMethods="0" numMethods="1" />
              <MetadataToken>100663316</MetadataToken>
              <Name>System.Void HETS1Design.SingleSubmissionTest::TestCleanup()</Name>
              <FileRef uid="3" />
              <SequencePoints>
                <SequencePoint vc="0" uspid="103" ordinal="0" offset="0" sl="142" sc="9" el="142" ec="10" bec="0" bev="0" fileid="3" />
                <SequencePoint vc="0" uspid="104" ordinal="1" offset="1" sl="143" sc="13" el="143" ec="44" bec="0" bev="0" fileid="3" />
                <SequencePoint vc="0" uspid="105" ordinal="2" offset="7" sl="144" sc="13" el="144" ec="40" bec="0" bev="0" fileid="3" />
                <SequencePoint vc="0" uspid="106" ordinal="3" offset="13" sl="145" sc="9" el="145" ec="10" bec="0" bev="0" fileid="3" />
              </SequencePoints>
              <BranchPoints />
              <MethodPoint xsi:type="SequencePoint" vc="0" uspid="103" ordinal="0" offset="0" sl="142" sc="9" el="142" ec="10" bec="0" bev="0" fileid="3" />
            </Method>
            <Method visited="false" cyclomaticComplexity="1" nPathComplexity="0" sequenceCoverage="0" branchCoverage="0" crapScore="2" isConstructor="true" isStatic="false" isGetter="false" isSetter="false">
              <Summary numSequencePoints="0" visitedSequencePoints="0" numBranchPoints="0" visitedBranchPoints="0" sequenceCoverage="0" branchCoverage="0" maxCyclomaticComplexity="1" minCyclomaticComplexity="1" maxCrapScore="2" minCrapScore="2" visitedClasses="0" numClasses="0" visitedMethods="0" numMethods="0" />
              <MetadataToken>100663317</MetadataToken>
              <Name>System.Void HETS1Design.SingleSubmissionTest::.ctor()</Name>
              <SequencePoints />
              <BranchPoints />
              <MethodPoint vc="0" uspid="107" ordinal="0" offset="0" />
            </Method>
          </Methods>
        </Class>
        <Class>
          <Summary numSequencePoints="86" visitedSequencePoints="0" numBranchPoints="6" visitedBranchPoints="0" sequenceCoverage="0" branchCoverage="0" maxCyclomaticComplexity="1" minCyclomaticComplexity="1" maxCrapScore="2" minCrapScore="2" visitedClasses="0" numClasses="1" visitedMethods="0" numMethods="6" />
          <FullName>HETS1Design.SingleTestCaseTest</FullName>
          <Methods>
            <Method visited="false" cyclomaticComplexity="1" nPathComplexity="0" sequenceCoverage="0" branchCoverage="0" crapScore="2" isConstructor="false" isStatic="false" isGetter="false" isSetter="false">
              <Summary numSequencePoints="7" visitedSequencePoints="0" numBranchPoints="1" visitedBranchPoints="0" sequenceCoverage="0" branchCoverage="0" maxCyclomaticComplexity="1" minCyclomaticComplexity="1" maxCrapScore="2" minCrapScore="2" visitedClasses="0" numClasses="0" visitedMethods="0" numMethods="1" />
              <MetadataToken>100663318</MetadataToken>
              <Name>System.Void HETS1Design.SingleTestCaseTest::Initialize()</Name>
              <FileRef uid="4" />
              <SequencePoints>
                <SequencePoint vc="0" uspid="108" ordinal="0" offset="0" sl="14" sc="9" el="14" ec="10" bec="0" bev="0" fileid="4" />
                <SequencePoint vc="0" uspid="109" ordinal="1" offset="1" sl="15" sc="13" el="15" ec="44" bec="0" bev="0" fileid="4" />
                <SequencePoint vc="0" uspid="110" ordinal="2" offset="7" sl="16" sc="13" el="16" ec="40" bec="0" bev="0" fileid="4" />
                <SequencePoint vc="0" uspid="111" ordinal="3" offset="13" sl="17" sc="13" el="17" ec="56" bec="0" bev="0" fileid="4" />
                <SequencePoint vc="0" uspid="112" ordinal="4" offset="35" sl="18" sc="13" el="18" ec="68" bec="0" bev="0" fileid="4" />
                <SequencePoint vc="0" uspid="113" ordinal="5" offset="57" sl="19" sc="13" el="19" ec="65" bec="0" bev="0" fileid="4" />
                <SequencePoint vc="0" uspid="114" ordinal="6" offset="79" sl="20" sc="9" el="20" ec="10" bec="0" bev="0" fileid="4" />
              </SequencePoints>
              <BranchPoints />
              <MethodPoint xsi:type="SequencePoint" vc="0" uspid="108" ordinal="0" offset="0" sl="14" sc="9" el="14" ec="10" bec="0" bev="0" fileid="4" />
            </Method>
            <Method visited="false" cyclomaticComplexity="1" nPathComplexity="0" sequenceCoverage="0" branchCoverage="0" crapScore="2" isConstructor="false" isStatic="false" isGetter="false" isSetter="false">
              <Summary numSequencePoints="7" visitedSequencePoints="0" numBranchPoints="1" visitedBranchPoints="0" sequenceCoverage="0" branchCoverage="0" maxCyclomaticComplexity="1" minCyclomaticComplexity="1" maxCrapScore="2" minCrapScore="2" visitedClasses="0" numClasses="0" visitedMethods="0" numMethods="1" />
              <MetadataToken>100663319</MetadataToken>
              <Name>System.Void HETS1Design.SingleTestCaseTest::SingleTestCase_CreatedSuccessfully()</Name>
              <FileRef uid="4" />
              <SequencePoints>
                <SequencePoint vc="0" uspid="115" ordinal="0" offset="0" sl="26" sc="9" el="26" ec="10" bec="0" bev="0" fileid="4" />
                <SequencePoint vc="0" uspid="116" ordinal="1" offset="1" sl="27" sc="13" el="27" ec="34" bec="0" bev="0" fileid="4" />
                <SequencePoint vc="0" uspid="117" ordinal="2" offset="13" sl="28" sc="13" el="28" ec="34" bec="0" bev="0" fileid="4" />
                <SequencePoint vc="0" uspid="118" ordinal="3" offset="25" sl="29" sc="13" el="29" ec="34" bec="0" bev="0" fileid="4" />
                <SequencePoint vc="0" uspid="119" ordinal="4" offset="37" sl="30" sc="13" el="30" ec="46" bec="0" bev="0" fileid="4" />
                <SequencePoint vc="0" uspid="120" ordinal="5" offset="54" sl="31" sc="13" el="31" ec="43" bec="0" bev="0" fileid="4" />
                <SequencePoint vc="0" uspid="121" ordinal="6" offset="71" sl="32" sc="9" el="32" ec="10" bec="0" bev="0" fileid="4" />
              </SequencePoints>
              <BranchPoints />
              <MethodPoint xsi:type="SequencePoint" vc="0" uspid="115" ordinal="0" offset="0" sl="26" sc="9" el="26" ec="10" bec="0" bev="0" fileid="4" />
            </Method>
            <Method visited="false" cyclomaticComplexity="1" nPathComplexity="0" sequenceCoverage="0" branchCoverage="0" crapScore="2" isConstructor="false" isStatic="false" isGetter="false" isSetter="false">
              <Summary numSequencePoints="2" visitedSequencePoints="0" numBranchPoints="1" visitedBranchPoints="0" sequenceCoverage="0" branchCoverage="0" maxCyclomaticComplexity="1" minCyclomaticComplexity="1" maxCrapScore="2" minCrapScore="2" visitedClasses="0" numClasses="0" visitedMethods="0" numMethods="1" />
              <MetadataToken>100663320</MetadataToken>
              <Name>System.Void HETS1Design.SingleTestCaseTest::AppendTestCase_Appended()</Name>
              <FileRef uid="4" />
              <SequencePoints>
                <SequencePoint vc="0" uspid="122" ordinal="0" offset="0" sl="36" sc="9" el="36" ec="10" bec="0" bev="0" fileid="4" />
                <SequencePoint vc="0" uspid="123" ordinal="1" offset="1" sl="38" sc="9" el="38" ec="10" bec="0" bev="0" fileid="4" />
              </SequencePoints>
              <BranchPoints />
              <MethodPoint xsi:type="SequencePoint" vc="0" uspid="122" ordinal="0" offset="0" sl="36" sc="9" el="36" ec="10" bec="0" bev="0" fileid="4" />
            </Method>
            <Method visited="false" cyclomaticComplexity="1" nPathComplexity="0" sequenceCoverage="0" branchCoverage="0" crapScore="2" isConstructor="false" isStatic="false" isGetter="false" isSetter="false">
              <Summary numSequencePoints="5" visitedSequencePoints="0" numBranchPoints="1" visitedBranchPoints="0" sequenceCoverage="0" branchCoverage="0" maxCyclomaticComplexity="1" minCyclomaticComplexity="1" maxCrapScore="2" minCrapScore="2" visitedClasses="0" numClasses="0" visitedMethods="0" numMethods="1" />
              <MetadataToken>100663321</MetadataToken>
              <Name>System.Void HETS1Design.SingleTestCaseTest::CompareOutput_IsTrue()</Name>
              <FileRef uid="4" />
              <SequencePoints>
                <SequencePoint vc="0" uspid="124" ordinal="0" offset="0" sl="42" sc="9" el="42" ec="10" bec="0" bev="0" fileid="4" />
                <SequencePoint vc="0" uspid="125" ordinal="1" offset="1" sl="43" sc="13" el="43" ec="37" bec="0" bev="0" fileid="4" />
                <SequencePoint vc="0" uspid="126" ordinal="2" offset="7" sl="44" sc="13" el="44" ec="57" bec="0" bev="0" fileid="4" />
                <SequencePoint vc="0" uspid="127" ordinal="3" offset="20" sl="45" sc="13" el="45" ec="35" bec="0" bev="0" fileid="4" />
                <SequencePoint vc="0" uspid="128" ordinal="4" offset="27" sl="46" sc="9" el="46" ec="10" bec="0" bev="0" fileid="4" />
              </SequencePoints>
              <BranchPoints />
              <MethodPoint xsi:type="SequencePoint" vc="0" uspid="124" ordinal="0" offset="0" sl="42" sc="9" el="42" ec="10" bec="0" bev="0" fileid="4" />
            </Method>
            <Method visited="false" cyclomaticComplexity="1" nPathComplexity="0" sequenceCoverage="0" branchCoverage="0" crapScore="2" isConstructor="false" isStatic="false" isGetter="false" isSetter="false">
              <Summary numSequencePoints="25" visitedSequencePoints="0" numBranchPoints="1" visitedBranchPoints="0" sequenceCoverage="0" branchCoverage="0" maxCyclomaticComplexity="1" minCyclomaticComplexity="1" maxCrapScore="2" minCrapScore="2" visitedClasses="0" numClasses="0" visitedMethods="0" numMethods="1" />
              <MetadataToken>100663322</MetadataToken>
              <Name>System.Void HETS1Design.SingleTestCaseTest::ReturnBoundaryTestCases_Test()</Name>
              <FileRef uid="4" />
              <SequencePoints>
                <SequencePoint vc="0" uspid="129" ordinal="0" offset="6" sl="62" sc="9" el="62" ec="10" bec="0" bev="0" fileid="4" />
                <SequencePoint vc="0" uspid="130" ordinal="1" offset="7" sl="64" sc="13" el="64" ec="49" bec="0" bev="0" fileid="4" />
                <SequencePoint vc="0" uspid="131" ordinal="2" offset="13" sl="65" sc="13" el="65" ec="78" bec="0" bev="0" fileid="4" />
                <SequencePoint vc="0" uspid="132" ordinal="3" offset="26" sl="70" sc="13" el="70" ec="72" bec="0" bev="0" fileid="4" />
                <SequencePoint vc="0" uspid="133" ordinal="4" offset="33" sl="71" sc="13" el="71" ec="45" bec="0" bev="0" fileid="4" />
                <SequencePoint vc="0" uspid="134" ordinal="5" offset="46" sl="72" sc="13" el="72" ec="52" bec="0" bev="0" fileid="4" />
                <SequencePoint vc="0" uspid="135" ordinal="6" offset="69" sl="73" sc="13" el="73" ec="52" bec="0" bev="0" fileid="4" />
                <SequencePoint vc="0" uspid="136" ordinal="7" offset="92" sl="74" sc="13" el="74" ec="53" bec="0" bev="0" fileid="4" />
                <SequencePoint vc="0" uspid="137" ordinal="8" offset="115" sl="75" sc="13" el="75" ec="53" bec="0" bev="0" fileid="4" />
                <SequencePoint vc="0" uspid="138" ordinal="9" offset="138" sl="76" sc="13" el="76" ec="53" bec="0" bev="0" fileid="4" />
                <SequencePoint vc="0" uspid="139" ordinal="10" offset="161" sl="78" sc="13" el="78" ec="43" bec="0" bev="0" fileid="4" />
                <SequencePoint vc="0" uspid="140" ordinal="11" offset="167" sl="79" sc="13" el="79" ec="78" bec="0" bev="0" fileid="4" />
                <SequencePoint vc="0" uspid="141" ordinal="12" offset="181" sl="80" sc="13" el="80" ec="72" bec="0" bev="0" fileid="4" />
                <SequencePoint vc="0" uspid="142" ordinal="13" offset="190" sl="81" sc="13" el="81" ec="45" bec="0" bev="0" fileid="4" />
                <SequencePoint vc="0" uspid="143" ordinal="14" offset="204" sl="82" sc="13" el="82" ec="53" bec="0" bev="0" fileid="4" />
                <SequencePoint vc="0" uspid="144" ordinal="15" offset="228" sl="84" sc="13" el="84" ec="43" bec="0" bev="0" fileid="4" />
                <SequencePoint vc="0" uspid="145" ordinal="16" offset="234" sl="85" sc="13" el="85" ec="78" bec="0" bev="0" fileid="4" />
                <SequencePoint vc="0" uspid="146" ordinal="17" offset="248" sl="86" sc="13" el="86" ec="72" bec="0" bev="0" fileid="4" />
                <SequencePoint vc="0" uspid="147" ordinal="18" offset="257" sl="87" sc="13" el="87" ec="45" bec="0" bev="0" fileid="4" />
                <SequencePoint vc="0" uspid="148" ordinal="19" offset="271" sl="88" sc="13" el="88" ec="53" bec="0" bev="0" fileid="4" />
                <SequencePoint vc="0" uspid="149" ordinal="20" offset="295" sl="89" sc="13" el="89" ec="53" bec="0" bev="0" fileid="4" />
                <SequencePoint vc="0" uspid="150" ordinal="21" offset="319" sl="91" sc="13" el="91" ec="43" bec="0" bev="0" fileid="4" />
                <SequencePoint vc="0" uspid="151" ordinal="22" offset="325" sl="92" sc="13" el="92" ec="78" bec="0" bev="0" fileid="4" />
                <SequencePoint vc="0" uspid="152" ordinal="23" offset="343" sl="93" sc="13" el="93" ec="91" bec="0" bev="0" fileid="4" />
                <SequencePoint vc="0" uspid="153" ordinal="24" offset="362" sl="94" sc="9" el="94" ec="10" bec="0" bev="0" fileid="4" />
              </SequencePoints>
              <BranchPoints />
              <MethodPoint vc="0" uspid="154" ordinal="0" offset="0" />
            </Method>
            <Method visited="false" cyclomaticComplexity="1" nPathComplexity="0" sequenceCoverage="0" branchCoverage="0" crapScore="2" isConstructor="false" isStatic="false" isGetter="false" isSetter="false">
              <Summary numSequencePoints="40" visitedSequencePoints="0" numBranchPoints="1" visitedBranchPoints="0" sequenceCoverage="0" branchCoverage="0" maxCyclomaticComplexity="1" minCyclomaticComplexity="1" maxCrapScore="2" minCrapScore="2" visitedClasses="0" numClasses="0" visitedMethods="0" numMethods="1" />
              <MetadataToken>100663323</MetadataToken>
              <Name>System.Void HETS1Design.SingleTestCaseTest::ReturnEPTestCases_Test()</Name>
              <FileRef uid="4" />
              <SequencePoints>
                <SequencePoint vc="0" uspid="155" ordinal="0" offset="6" sl="99" sc="9" el="99" ec="10" bec="0" bev="0" fileid="4" />
                <SequencePoint vc="0" uspid="156" ordinal="1" offset="7" sl="101" sc="13" el="101" ec="51" bec="0" bev="0" fileid="4" />
                <SequencePoint vc="0" uspid="157" ordinal="2" offset="13" sl="102" sc="13" el="102" ec="78" bec="0" bev="0" fileid="4" />
                <SequencePoint vc="0" uspid="158" ordinal="3" offset="26" sl="103" sc="13" el="103" ec="66" bec="0" bev="0" fileid="4" />
                <SequencePoint vc="0" uspid="159" ordinal="4" offset="33" sl="108" sc="13" el="108" ec="45" bec="0" bev="0" fileid="4" />
                <SequencePoint vc="0" uspid="160" ordinal="5" offset="46" sl="109" sc="13" el="109" ec="57" bec="0" bev="0" fileid="4" />
                <SequencePoint vc="0" uspid="161" ordinal="6" offset="69" sl="110" sc="13" el="110" ec="57" bec="0" bev="0" fileid="4" />
                <SequencePoint vc="0" uspid="162" ordinal="7" offset="92" sl="111" sc="13" el="111" ec="57" bec="0" bev="0" fileid="4" />
                <SequencePoint vc="0" uspid="163" ordinal="8" offset="115" sl="112" sc="13" el="112" ec="58" bec="0" bev="0" fileid="4" />
                <SequencePoint vc="0" uspid="164" ordinal="9" offset="138" sl="113" sc="13" el="113" ec="58" bec="0" bev="0" fileid="4" />
                <SequencePoint vc="0" uspid="165" ordinal="10" offset="161" sl="114" sc="13" el="114" ec="58" bec="0" bev="0" fileid="4" />
                <SequencePoint vc="0" uspid="166" ordinal="11" offset="184" sl="115" sc="13" el="115" ec="58" bec="0" bev="0" fileid="4" />
                <SequencePoint vc="0" uspid="167" ordinal="12" offset="207" sl="116" sc="13" el="116" ec="44" bec="0" bev="0" fileid="4" />
                <SequencePoint vc="0" uspid="168" ordinal="13" offset="225" sl="117" sc="13" el="117" ec="43" bec="0" bev="0" fileid="4" />
                <SequencePoint vc="0" uspid="169" ordinal="14" offset="243" sl="118" sc="13" el="118" ec="43" bec="0" bev="0" fileid="4" />
                <SequencePoint vc="0" uspid="170" ordinal="15" offset="261" sl="119" sc="13" el="119" ec="43" bec="0" bev="0" fileid="4" />
                <SequencePoint vc="0" uspid="171" ordinal="16" offset="279" sl="120" sc="13" el="120" ec="43" bec="0" bev="0" fileid="4" />
                <SequencePoint vc="0" uspid="172" ordinal="17" offset="297" sl="121" sc="13" el="121" ec="43" bec="0" bev="0" fileid="4" />
                <SequencePoint vc="0" uspid="173" ordinal="18" offset="315" sl="122" sc="13" el="122" ec="44" bec="0" bev="0" fileid="4" />
                <SequencePoint vc="0" uspid="174" ordinal="19" offset="333" sl="124" sc="13" el="124" ec="40" bec="0" bev="0" fileid="4" />
                <SequencePoint vc="0" uspid="175" ordinal="20" offset="339" sl="125" sc="13" el="125" ec="78" bec="0" bev="0" fileid="4" />
                <SequencePoint vc="0" uspid="176" ordinal="21" offset="353" sl="126" sc="13" el="126" ec="66" bec="0" bev="0" fileid="4" />
                <SequencePoint vc="0" uspid="177" ordinal="22" offset="362" sl="127" sc="13" el="127" ec="45" bec="0" bev="0" fileid="4" />
                <SequencePoint vc="0" uspid="178" ordinal="23" offset="376" sl="128" sc="13" el="128" ec="53" bec="0" bev="0" fileid="4" />
                <SequencePoint vc="0" uspid="179" ordinal="24" offset="400" sl="129" sc="13" el="129" ec="53" bec="0" bev="0" fileid="4" />
                <SequencePoint vc="0" uspid="180" ordinal="25" offset="424" sl="130" sc="13" el="130" ec="53" bec="0" bev="0" fileid="4" />
                <SequencePoint vc="0" uspid="181" ordinal="26" offset="448" sl="133" sc="13" el="133" ec="40" bec="0" bev="0" fileid="4" />
                <SequencePoint vc="0" uspid="182" ordinal="27" offset="454" sl="134" sc="13" el="134" ec="79" bec="0" bev="0" fileid="4" />
                <SequencePoint vc="0" uspid="183" ordinal="28" offset="468" sl="135" sc="13" el="135" ec="66" bec="0" bev="0" fileid="4" />
                <SequencePoint vc="0" uspid="184" ordinal="29" offset="477" sl="136" sc="13" el="136" ec="45" bec="0" bev="0" fileid="4" />
                <SequencePoint vc="0" uspid="185" ordinal="30" offset="491" sl="137" sc="13" el="137" ec="53" bec="0" bev="0" fileid="4" />
                <SequencePoint vc="0" uspid="186" ordinal="31" offset="515" sl="138" sc="13" el="138" ec="53" bec="0" bev="0" fileid="4" />
                <SequencePoint vc="0" uspid="187" ordinal="32" offset="539" sl="139" sc="13" el="139" ec="53" bec="0" bev="0" fileid="4" />
                <SequencePoint vc="0" uspid="188" ordinal="33" offset="563" sl="140" sc="13" el="140" ec="53" bec="0" bev="0" fileid="4" />
                <SequencePoint vc="0" uspid="189" ordinal="34" offset="587" sl="141" sc="13" el="141" ec="43" bec="0" bev="0" fileid="4" />
                <SequencePoint vc="0" uspid="190" ordinal="35" offset="606" sl="142" sc="13" el="142" ec="43" bec="0" bev="0" fileid="4" />
                <SequencePoint vc="0" uspid="191" ordinal="36" offset="625" sl="145" sc="13" el="145" ec="40" bec="0" bev="0" fileid="4" />
                <SequencePoint vc="0" uspid="192" ordinal="37" offset="631" sl="146" sc="13" el="146" ec="78" bec="0" bev="0" fileid="4" />
                <SequencePoint vc="0" uspid="193" ordinal="38" offset="649" sl="147" sc="13" el="147" ec="87" bec="0" bev="0" fileid="4" />
                <SequencePoint vc="0" uspid="194" ordinal="39" offset="668" sl="150" sc="9" el="150" ec="10" bec="0" bev="0" fileid="4" />
              </SequencePoints>
              <BranchPoints />
              <MethodPoint vc="0" uspid="195" ordinal="0" offset="0" />
            </Method>
            <Method visited="false" cyclomaticComplexity="1" nPathComplexity="0" sequenceCoverage="0" branchCoverage="0" crapScore="2" isConstructor="true" isStatic="false" isGetter="false" isSetter="false">
              <Summary numSequencePoints="0" visitedSequencePoints="0" numBranchPoints="0" visitedBranchPoints="0" sequenceCoverage="0" branchCoverage="0" maxCyclomaticComplexity="1" minCyclomaticComplexity="1" maxCrapScore="2" minCrapScore="2" visitedClasses="0" numClasses="0" visitedMethods="0" numMethods="0" />
              <MetadataToken>100663324</MetadataToken>
              <Name>System.Void HETS1Design.SingleTestCaseTest::.ctor()</Name>
              <SequencePoints />
              <BranchPoints />
              <MethodPoint vc="0" uspid="196" ordinal="0" offset="0" />
            </Method>
          </Methods>
        </Class>
        <Class>
          <Summary numSequencePoints="1" visitedSequencePoints="0" numBranchPoints="1" visitedBranchPoints="0" sequenceCoverage="0" branchCoverage="0" maxCyclomaticComplexity="1" minCyclomaticComplexity="1" maxCrapScore="2" minCrapScore="2" visitedClasses="0" numClasses="1" visitedMethods="0" numMethods="1" />
          <FullName>HETS1Design.SingleTestCaseTest/&lt;&gt;c__DisplayClass7_0</FullName>
          <Methods>
            <Method visited="false" cyclomaticComplexity="1" nPathComplexity="0" sequenceCoverage="0" branchCoverage="0" crapScore="2" isConstructor="true" isStatic="false" isGetter="false" isSetter="false">
              <Summary numSequencePoints="0" visitedSequencePoints="0" numBranchPoints="0" visitedBranchPoints="0" sequenceCoverage="0" branchCoverage="0" maxCyclomaticComplexity="1" minCyclomaticComplexity="1" maxCrapScore="2" minCrapScore="2" visitedClasses="0" numClasses="0" visitedMethods="0" numMethods="0" />
              <MetadataToken>100663366</MetadataToken>
              <Name>System.Void HETS1Design.SingleTestCaseTest/&lt;&gt;c__DisplayClass7_0::.ctor()</Name>
              <SequencePoints />
              <BranchPoints />
              <MethodPoint vc="0" uspid="197" ordinal="0" offset="0" />
            </Method>
            <Method visited="false" cyclomaticComplexity="1" nPathComplexity="0" sequenceCoverage="0" branchCoverage="0" crapScore="2" isConstructor="false" isStatic="false" isGetter="false" isSetter="false">
              <Summary numSequencePoints="1" visitedSequencePoints="0" numBranchPoints="1" visitedBranchPoints="0" sequenceCoverage="0" branchCoverage="0" maxCyclomaticComplexity="1" minCyclomaticComplexity="1" maxCrapScore="2" minCrapScore="2" visitedClasses="0" numClasses="0" visitedMethods="0" numMethods="1" />
              <MetadataToken>100663367</MetadataToken>
              <Name>System.Object HETS1Design.SingleTestCaseTest/&lt;&gt;c__DisplayClass7_0::&lt;ReturnBoundaryTestCases_Test&gt;b__0()</Name>
              <FileRef uid="4" />
              <SequencePoints>
                <SequencePoint vc="0" uspid="198" ordinal="0" offset="0" sl="93" sc="60" el="93" ec="89" bec="0" bev="0" fileid="4" />
              </SequencePoints>
              <BranchPoints />
              <MethodPoint xsi:type="SequencePoint" vc="0" uspid="198" ordinal="0" offset="0" sl="93" sc="60" el="93" ec="89" bec="0" bev="0" fileid="4" />
            </Method>
          </Methods>
        </Class>
        <Class>
          <Summary numSequencePoints="1" visitedSequencePoints="0" numBranchPoints="1" visitedBranchPoints="0" sequenceCoverage="0" branchCoverage="0" maxCyclomaticComplexity="1" minCyclomaticComplexity="1" maxCrapScore="2" minCrapScore="2" visitedClasses="0" numClasses="1" visitedMethods="0" numMethods="1" />
          <FullName>HETS1Design.SingleTestCaseTest/&lt;&gt;c__DisplayClass8_0</FullName>
          <Methods>
            <Method visited="false" cyclomaticComplexity="1" nPathComplexity="0" sequenceCoverage="0" branchCoverage="0" crapScore="2" isConstructor="true" isStatic="false" isGetter="false" isSetter="false">
              <Summary numSequencePoints="0" visitedSequencePoints="0" numBranchPoints="0" visitedBranchPoints="0" sequenceCoverage="0" branchCoverage="0" maxCyclomaticComplexity="1" minCyclomaticComplexity="1" maxCrapScore="2" minCrapScore="2" visitedClasses="0" numClasses="0" visitedMethods="0" numMethods="0" />
              <MetadataToken>100663368</MetadataToken>
              <Name>System.Void HETS1Design.SingleTestCaseTest/&lt;&gt;c__DisplayClass8_0::.ctor()</Name>
              <SequencePoints />
              <BranchPoints />
              <MethodPoint vc="0" uspid="199" ordinal="0" offset="0" />
            </Method>
            <Method visited="false" cyclomaticComplexity="1" nPathComplexity="0" sequenceCoverage="0" branchCoverage="0" crapScore="2" isConstructor="false" isStatic="false" isGetter="false" isSetter="false">
              <Summary numSequencePoints="1" visitedSequencePoints="0" numBranchPoints="1" visitedBranchPoints="0" sequenceCoverage="0" branchCoverage="0" maxCyclomaticComplexity="1" minCyclomaticComplexity="1" maxCrapScore="2" minCrapScore="2" visitedClasses="0" numClasses="0" visitedMethods="0" numMethods="1" />
              <MetadataToken>100663369</MetadataToken>
              <Name>System.Object HETS1Design.SingleTestCaseTest/&lt;&gt;c__DisplayClass8_0::&lt;ReturnEPTestCases_Test&gt;b__0()</Name>
              <FileRef uid="4" />
              <SequencePoints>
                <SequencePoint vc="0" uspid="200" ordinal="0" offset="0" sl="147" sc="62" el="147" ec="85" bec="0" bev="0" fileid="4" />
              </SequencePoints>
              <BranchPoints />
              <MethodPoint xsi:type="SequencePoint" vc="0" uspid="200" ordinal="0" offset="0" sl="147" sc="62" el="147" ec="85" bec="0" bev="0" fileid="4" />
            </Method>
          </Methods>
        </Class>
        <Class>
          <Summary numSequencePoints="48" visitedSequencePoints="0" numBranchPoints="7" visitedBranchPoints="0" sequenceCoverage="0" branchCoverage="0" maxCyclomaticComplexity="1" minCyclomaticComplexity="1" maxCrapScore="2" minCrapScore="2" visitedClasses="0" numClasses="1" visitedMethods="0" numMethods="7" />
          <FullName>HETS1Design.SubmissionsTest</FullName>
          <Methods>
            <Method visited="false" cyclomaticComplexity="1" nPathComplexity="0" sequenceCoverage="0" branchCoverage="0" crapScore="2" isConstructor="false" isStatic="false" isGetter="false" isSetter="false">
              <Summary numSequencePoints="7" visitedSequencePoints="0" numBranchPoints="1" visitedBranchPoints="0" sequenceCoverage="0" branchCoverage="0" maxCyclomaticComplexity="1" minCyclomaticComplexity="1" maxCrapScore="2" minCrapScore="2" visitedClasses="0" numClasses="0" visitedMethods="0" numMethods="1" />
              <MetadataToken>100663325</MetadataToken>
              <Name>System.Void HETS1Design.SubmissionsTest::Initialize()</Name>
              <FileRef uid="7" />
              <SequencePoints>
                <SequencePoint vc="0" uspid="201" ordinal="0" offset="0" sl="16" sc="9" el="16" ec="10" bec="0" bev="0" fileid="7" />
                <SequencePoint vc="0" uspid="202" ordinal="1" offset="1" sl="17" sc="13" el="17" ec="44" bec="0" bev="0" fileid="7" />
                <SequencePoint vc="0" uspid="203" ordinal="2" offset="7" sl="18" sc="13" el="18" ec="40" bec="0" bev="0" fileid="7" />
                <SequencePoint vc="0" uspid="204" ordinal="3" offset="13" sl="19" sc="13" el="19" ec="48" bec="0" bev="0" fileid="7" />
                <SequencePoint vc="0" uspid="205" ordinal="4" offset="29" sl="20" sc="13" el="20" ec="89" bec="0" bev="0" fileid="7" />
                <SequencePoint vc="0" uspid="206" ordinal="5" offset="46" sl="21" sc="13" el="21" ec="45" bec="0" bev="0" fileid="7" />
                <SequencePoint vc="0" uspid="207" ordinal="6" offset="63" sl="22" sc="9" el="22" ec="10" bec="0" bev="0" fileid="7" />
              </SequencePoints>
              <BranchPoints />
              <MethodPoint xsi:type="SequencePoint" vc="0" uspid="201" ordinal="0" offset="0" sl="16" sc="9" el="16" ec="10" bec="0" bev="0" fileid="7" />
            </Method>
            <Method visited="false" cyclomaticComplexity="1" nPathComplexity="0" sequenceCoverage="0" branchCoverage="0" crapScore="2" isConstructor="false" isStatic="false" isGetter="false" isSetter="false">
              <Summary numSequencePoints="5" visitedSequencePoints="0" numBranchPoints="1" visitedBranchPoints="0" sequenceCoverage="0" branchCoverage="0" maxCyclomaticComplexity="1" minCyclomaticComplexity="1" maxCrapScore="2" minCrapScore="2" visitedClasses="0" numClasses="0" visitedMethods="0" numMethods="1" />
              <MetadataToken>100663326</MetadataToken>
              <Name>System.Void HETS1Design.SubmissionsTest::ActivateCompilation_Finished()</Name>
              <FileRef uid="7" />
              <SequencePoints>
                <SequencePoint vc="0" uspid="208" ordinal="0" offset="0" sl="26" sc="9" el="26" ec="10" bec="0" bev="0" fileid="7" />
                <SequencePoint vc="0" uspid="209" ordinal="1" offset="1" sl="27" sc="13" el="27" ec="78" bec="0" bev="0" fileid="7" />
                <SequencePoint vc="0" uspid="210" ordinal="2" offset="7" sl="28" sc="13" el="28" ec="61" bec="0" bev="0" fileid="7" />
                <SequencePoint vc="0" uspid="211" ordinal="3" offset="14" sl="29" sc="13" el="29" ec="35" bec="0" bev="0" fileid="7" />
                <SequencePoint vc="0" uspid="212" ordinal="4" offset="21" sl="30" sc="9" el="30" ec="10" bec="0" bev="0" fileid="7" />
              </SequencePoints>
              <BranchPoints />
              <MethodPoint xsi:type="SequencePoint" vc="0" uspid="208" ordinal="0" offset="0" sl="26" sc="9" el="26" ec="10" bec="0" bev="0" fileid="7" />
            </Method>
            <Method visited="false" cyclomaticComplexity="1" nPathComplexity="0" sequenceCoverage="0" branchCoverage="0" crapScore="2" isConstructor="false" isStatic="false" isGetter="false" isSetter="false">
              <Summary numSequencePoints="5" visitedSequencePoints="0" numBranchPoints="1" visitedBranchPoints="0" sequenceCoverage="0" branchCoverage="0" maxCyclomaticComplexity="1" minCyclomaticComplexity="1" maxCrapScore="2" minCrapScore="2" visitedClasses="0" numClasses="0" visitedMethods="0" numMethods="1" />
              <MetadataToken>100663327</MetadataToken>
              <Name>System.Void HETS1Design.SubmissionsTest::ActivateExecution_Finished()</Name>
              <FileRef uid="7" />
              <SequencePoints>
                <SequencePoint vc="0" uspid="213" ordinal="0" offset="0" sl="34" sc="9" el="34" ec="10" bec="0" bev="0" fileid="7" />
                <SequencePoint vc="0" uspid="214" ordinal="1" offset="1" sl="35" sc="13" el="35" ec="79" bec="0" bev="0" fileid="7" />
                <SequencePoint vc="0" uspid="215" ordinal="2" offset="7" sl="36" sc="13" el="36" ec="59" bec="0" bev="0" fileid="7" />
                <SequencePoint vc="0" uspid="216" ordinal="3" offset="14" sl="37" sc="13" el="37" ec="35" bec="0" bev="0" fileid="7" />
                <SequencePoint vc="0" uspid="217" ordinal="4" offset="21" sl="38" sc="9" el="38" ec="10" bec="0" bev="0" fileid="7" />
              </SequencePoints>
              <BranchPoints />
              <MethodPoint xsi:type="SequencePoint" vc="0" uspid="213" ordinal="0" offset="0" sl="34" sc="9" el="34" ec="10" bec="0" bev="0" fileid="7" />
            </Method>
            <Method visited="false" cyclomaticComplexity="1" nPathComplexity="0" sequenceCoverage="0" branchCoverage="0" crapScore="2" isConstructor="false" isStatic="false" isGetter="false" isSetter="false">
              <Summary numSequencePoints="13" visitedSequencePoints="0" numBranchPoints="1" visitedBranchPoints="0" sequenceCoverage="0" branchCoverage="0" maxCyclomaticComplexity="1" minCyclomaticComplexity="1" maxCrapScore="2" minCrapScore="2" visitedClasses="0" numClasses="0" visitedMethods="0" numMethods="1" />
              <MetadataToken>100663328</MetadataToken>
              <Name>System.Void HETS1Design.SubmissionsTest::ActivateGradingFinished()</Name>
              <FileRef uid="7" />
              <SequencePoints>
                <SequencePoint vc="0" uspid="218" ordinal="0" offset="0" sl="42" sc="9" el="42" ec="10" bec="0" bev="0" fileid="7" />
                <SequencePoint vc="0" uspid="219" ordinal="1" offset="1" sl="43" sc="13" el="43" ec="56" bec="0" bev="0" fileid="7" />
                <SequencePoint vc="0" uspid="220" ordinal="2" offset="7" sl="44" sc="13" el="44" ec="54" bec="0" bev="0" fileid="7" />
                <SequencePoint vc="0" uspid="221" ordinal="3" offset="13" sl="45" sc="13" el="45" ec="76" bec="0" bev="0" fileid="7" />
                <SequencePoint vc="0" uspid="222" ordinal="4" offset="19" sl="47" sc="13" el="47" ec="42" bec="0" bev="0" fileid="7" />
                <SequencePoint vc="0" uspid="223" ordinal="5" offset="26" sl="48" sc="13" el="48" ec="39" bec="0" bev="0" fileid="7" />
                <SequencePoint vc="0" uspid="224" ordinal="6" offset="32" sl="49" sc="13" el="49" ec="50" bec="0" bev="0" fileid="7" />
                <SequencePoint vc="0" uspid="225" ordinal="7" offset="38" sl="51" sc="13" el="51" ec="43" bec="0" bev="0" fileid="7" />
                <SequencePoint vc="0" uspid="226" ordinal="8" offset="44" sl="53" sc="13" el="53" ec="137" bec="0" bev="0" fileid="7" />
                <SequencePoint vc="0" uspid="227" ordinal="9" offset="87" sl="56" sc="13" el="56" ec="52" bec="0" bev="0" fileid="7" />
                <SequencePoint vc="0" uspid="228" ordinal="10" offset="93" sl="57" sc="13" el="57" ec="50" bec="0" bev="0" fileid="7" />
                <SequencePoint vc="0" uspid="229" ordinal="11" offset="99" sl="58" sc="13" el="58" ec="72" bec="0" bev="0" fileid="7" />
                <SequencePoint vc="0" uspid="230" ordinal="12" offset="105" sl="59" sc="9" el="59" ec="10" bec="0" bev="0" fileid="7" />
              </SequencePoints>
              <BranchPoints />
              <MethodPoint xsi:type="SequencePoint" vc="0" uspid="218" ordinal="0" offset="0" sl="42" sc="9" el="42" ec="10" bec="0" bev="0" fileid="7" />
            </Method>
            <Method visited="false" cyclomaticComplexity="1" nPathComplexity="0" sequenceCoverage="0" branchCoverage="0" crapScore="2" isConstructor="false" isStatic="false" isGetter="false" isSetter="false">
              <Summary numSequencePoints="9" visitedSequencePoints="0" numBranchPoints="1" visitedBranchPoints="0" sequenceCoverage="0" branchCoverage="0" maxCyclomaticComplexity="1" minCyclomaticComplexity="1" maxCrapScore="2" minCrapScore="2" visitedClasses="0" numClasses="0" visitedMethods="0" numMethods="1" />
              <MetadataToken>100663329</MetadataToken>
              <Name>System.Void HETS1Design.SubmissionsTest::SaveDetailedResultTest()</Name>
              <FileRef uid="7" />
              <SequencePoints>
                <SequencePoint vc="0" uspid="231" ordinal="0" offset="0" sl="63" sc="9" el="63" ec="10" bec="0" bev="0" fileid="7" />
                <SequencePoint vc="0" uspid="232" ordinal="1" offset="1" sl="64" sc="13" el="64" ec="116" bec="0" bev="0" fileid="7" />
                <SequencePoint vc="0" uspid="233" ordinal="2" offset="12" sl="65" sc="13" el="65" ec="122" bec="0" bev="0" fileid="7" />
                <SequencePoint vc="0" uspid="234" ordinal="3" offset="18" sl="66" sc="13" el="66" ec="78" bec="0" bev="0" fileid="7" />
                <SequencePoint vc="0" uspid="235" ordinal="4" offset="25" sl="67" sc="13" el="67" ec="51" bec="0" bev="0" fileid="7" />
                <SequencePoint vc="0" uspid="236" ordinal="5" offset="32" sl="69" sc="13" el="69" ec="101" bec="0" bev="0" fileid="7" />
                <SequencePoint vc="0" uspid="237" ordinal="6" offset="65" sl="70" sc="13" el="70" ec="59" bec="0" bev="0" fileid="7" />
                <SequencePoint vc="0" uspid="238" ordinal="7" offset="72" sl="71" sc="13" el="71" ec="42" bec="0" bev="0" fileid="7" />
                <SequencePoint vc="0" uspid="239" ordinal="8" offset="79" sl="74" sc="9" el="74" ec="10" bec="0" bev="0" fileid="7" />
              </SequencePoints>
              <BranchPoints />
              <MethodPoint xsi:type="SequencePoint" vc="0" uspid="231" ordinal="0" offset="0" sl="63" sc="9" el="63" ec="10" bec="0" bev="0" fileid="7" />
            </Method>
            <Method visited="false" cyclomaticComplexity="1" nPathComplexity="0" sequenceCoverage="0" branchCoverage="0" crapScore="2" isConstructor="false" isStatic="false" isGetter="false" isSetter="false">
              <Summary numSequencePoints="5" visitedSequencePoints="0" numBranchPoints="1" visitedBranchPoints="0" sequenceCoverage="0" branchCoverage="0" maxCyclomaticComplexity="1" minCyclomaticComplexity="1" maxCrapScore="2" minCrapScore="2" visitedClasses="0" numClasses="0" visitedMethods="0" numMethods="1" />
              <MetadataToken>100663330</MetadataToken>
              <Name>System.Void HETS1Design.SubmissionsTest::ResetSubmissionsTest()</Name>
              <FileRef uid="7" />
              <SequencePoints>
                <SequencePoint vc="0" uspid="240" ordinal="0" offset="0" sl="78" sc="9" el="78" ec="10" bec="0" bev="0" fileid="7" />
                <SequencePoint vc="0" uspid="241" ordinal="1" offset="1" sl="79" sc="13" el="79" ec="63" bec="0" bev="0" fileid="7" />
                <SequencePoint vc="0" uspid="242" ordinal="2" offset="18" sl="80" sc="13" el="80" ec="44" bec="0" bev="0" fileid="7" />
                <SequencePoint vc="0" uspid="243" ordinal="3" offset="24" sl="81" sc="13" el="81" ec="63" bec="0" bev="0" fileid="7" />
                <SequencePoint vc="0" uspid="244" ordinal="4" offset="41" sl="82" sc="9" el="82" ec="10" bec="0" bev="0" fileid="7" />
              </SequencePoints>
              <BranchPoints />
              <MethodPoint xsi:type="SequencePoint" vc="0" uspid="240" ordinal="0" offset="0" sl="78" sc="9" el="78" ec="10" bec="0" bev="0" fileid="7" />
            </Method>
            <Method visited="false" cyclomaticComplexity="1" nPathComplexity="0" sequenceCoverage="0" branchCoverage="0" crapScore="2" isConstructor="false" isStatic="false" isGetter="false" isSetter="false">
              <Summary numSequencePoints="4" visitedSequencePoints="0" numBranchPoints="1" visitedBranchPoints="0" sequenceCoverage="0" branchCoverage="0" maxCyclomaticComplexity="1" minCyclomaticComplexity="1" maxCrapScore="2" minCrapScore="2" visitedClasses="0" numClasses="0" visitedMethods="0" numMethods="1" />
              <MetadataToken>100663331</MetadataToken>
              <Name>System.Void HETS1Design.SubmissionsTest::TestCleanup()</Name>
              <FileRef uid="7" />
              <SequencePoints>
                <SequencePoint vc="0" uspid="245" ordinal="0" offset="0" sl="88" sc="9" el="88" ec="10" bec="0" bev="0" fileid="7" />
                <SequencePoint vc="0" uspid="246" ordinal="1" offset="1" sl="89" sc="13" el="89" ec="44" bec="0" bev="0" fileid="7" />
                <SequencePoint vc="0" uspid="247" ordinal="2" offset="7" sl="90" sc="13" el="90" ec="40" bec="0" bev="0" fileid="7" />
                <SequencePoint vc="0" uspid="248" ordinal="3" offset="13" sl="91" sc="9" el="91" ec="10" bec="0" bev="0" fileid="7" />
              </SequencePoints>
              <BranchPoints />
              <MethodPoint xsi:type="SequencePoint" vc="0" uspid="245" ordinal="0" offset="0" sl="88" sc="9" el="88" ec="10" bec="0" bev="0" fileid="7" />
            </Method>
            <Method visited="false" cyclomaticComplexity="1" nPathComplexity="0" sequenceCoverage="0" branchCoverage="0" crapScore="2" isConstructor="true" isStatic="false" isGetter="false" isSetter="false">
              <Summary numSequencePoints="0" visitedSequencePoints="0" numBranchPoints="0" visitedBranchPoints="0" sequenceCoverage="0" branchCoverage="0" maxCyclomaticComplexity="1" minCyclomaticComplexity="1" maxCrapScore="2" minCrapScore="2" visitedClasses="0" numClasses="0" visitedMethods="0" numMethods="0" />
              <MetadataToken>100663332</MetadataToken>
              <Name>System.Void HETS1Design.SubmissionsTest::.ctor()</Name>
              <SequencePoints />
              <BranchPoints />
              <MethodPoint vc="0" uspid="249" ordinal="0" offset="0" />
            </Method>
          </Methods>
        </Class>
        <Class>
          <Summary numSequencePoints="55" visitedSequencePoints="0" numBranchPoints="11" visitedBranchPoints="0" sequenceCoverage="0" branchCoverage="0" maxCyclomaticComplexity="1" minCyclomaticComplexity="1" maxCrapScore="2" minCrapScore="2" visitedClasses="0" numClasses="1" visitedMethods="0" numMethods="11" />
          <FullName>HETS1Design.TestCasesTest</FullName>
          <Methods>
            <Method visited="false" cyclomaticComplexity="1" nPathComplexity="0" sequenceCoverage="0" branchCoverage="0" crapScore="2" isConstructor="false" isStatic="false" isGetter="false" isSetter="false">
              <Summary numSequencePoints="6" visitedSequencePoints="0" numBranchPoints="1" visitedBranchPoints="0" sequenceCoverage="0" branchCoverage="0" maxCyclomaticComplexity="1" minCyclomaticComplexity="1" maxCrapScore="2" minCrapScore="2" visitedClasses="0" numClasses="0" visitedMethods="0" numMethods="1" />
              <MetadataToken>100663333</MetadataToken>
              <Name>System.Void HETS1Design.TestCasesTest::Initialize()</Name>
              <FileRef uid="8" />
              <SequencePoints>
                <SequencePoint vc="0" uspid="250" ordinal="0" offset="0" sl="22" sc="9" el="22" ec="10" bec="0" bev="0" fileid="8" />
                <SequencePoint vc="0" uspid="251" ordinal="1" offset="1" sl="23" sc="13" el="23" ec="44" bec="0" bev="0" fileid="8" />
                <SequencePoint vc="0" uspid="252" ordinal="2" offset="7" sl="24" sc="13" el="24" ec="40" bec="0" bev="0" fileid="8" />
                <SequencePoint vc="0" uspid="253" ordinal="3" offset="13" sl="25" sc="13" el="25" ec="133" bec="0" bev="0" fileid="8" />
                <SequencePoint vc="0" uspid="254" ordinal="4" offset="29" sl="26" sc="13" el="26" ec="40" bec="0" bev="0" fileid="8" />
                <SequencePoint vc="0" uspid="255" ordinal="5" offset="35" sl="29" sc="9" el="29" ec="10" bec="0" bev="0" fileid="8" />
              </SequencePoints>
              <BranchPoints />
              <MethodPoint xsi:type="SequencePoint" vc="0" uspid="250" ordinal="0" offset="0" sl="22" sc="9" el="22" ec="10" bec="0" bev="0" fileid="8" />
            </Method>
            <Method visited="false" cyclomaticComplexity="1" nPathComplexity="0" sequenceCoverage="0" branchCoverage="0" crapScore="2" isConstructor="false" isStatic="false" isGetter="false" isSetter="false">
              <Summary numSequencePoints="2" visitedSequencePoints="0" numBranchPoints="1" visitedBranchPoints="0" sequenceCoverage="0" branchCoverage="0" maxCyclomaticComplexity="1" minCyclomaticComplexity="1" maxCrapScore="2" minCrapScore="2" visitedClasses="0" numClasses="0" visitedMethods="0" numMethods="1" />
              <MetadataToken>100663334</MetadataToken>
              <Name>System.Void HETS1Design.TestCasesTest::OnAddTestCaseTest()</Name>
              <FileRef uid="8" />
              <SequencePoints>
                <SequencePoint vc="0" uspid="256" ordinal="0" offset="0" sl="33" sc="9" el="33" ec="10" bec="0" bev="0" fileid="8" />
                <SequencePoint vc="0" uspid="257" ordinal="1" offset="1" sl="35" sc="9" el="35" ec="10" bec="0" bev="0" fileid="8" />
              </SequencePoints>
              <BranchPoints />
[...]
                    <TrackedMethodRef uid="48" vc="8" />
                  </TrackedMethodRefs>
                </SequencePoint>
                <SequencePoint vc="2" uspid="1697" ordinal="18" offset="226" sl="59" sc="17" el="59" ec="18" bec="0" bev="0" fileid="35">
                  <TrackedMethodRefs>
                    <TrackedMethodRef uid="48" vc="2" />
                  </TrackedMethodRefs>
                </SequencePoint>
                <SequencePoint vc="2" uspid="1698" ordinal="19" offset="227" sl="60" sc="21" el="60" ec="102" bec="0" bev="0" fileid="35">
                  <TrackedMethodRefs>
                    <TrackedMethodRef uid="48" vc="2" />
                  </TrackedMethodRefs>
                </SequencePoint>
                <SequencePoint vc="2" uspid="1699" ordinal="20" offset="252" sl="61" sc="21" el="61" ec="61" bec="0" bev="0" fileid="35">
                  <TrackedMethodRefs>
                    <TrackedMethodRef uid="48" vc="2" />
                  </TrackedMethodRefs>
                </SequencePoint>
                <SequencePoint vc="2" uspid="1700" ordinal="21" offset="260" sl="67" sc="21" el="67" ec="60" bec="2" bev="2" fileid="35">
                  <TrackedMethodRefs>
                    <TrackedMethodRef uid="48" vc="2" />
                  </TrackedMethodRefs>
                </SequencePoint>
                <SequencePoint vc="1" uspid="1701" ordinal="22" offset="279" sl="68" sc="25" el="68" ec="89" bec="0" bev="0" fileid="35">
                  <TrackedMethodRefs>
                    <TrackedMethodRef uid="48" vc="1" />
                  </TrackedMethodRefs>
                </SequencePoint>
                <SequencePoint vc="2" uspid="1702" ordinal="23" offset="297" sl="70" sc="21" el="70" ec="91" bec="2" bev="2" fileid="35">
                  <TrackedMethodRefs>
                    <TrackedMethodRef uid="48" vc="2" />
                  </TrackedMethodRefs>
                </SequencePoint>
                <SequencePoint vc="1" uspid="1703" ordinal="24" offset="328" sl="71" sc="25" el="71" ec="89" bec="0" bev="0" fileid="35">
                  <TrackedMethodRefs>
                    <TrackedMethodRef uid="48" vc="1" />
                  </TrackedMethodRefs>
                </SequencePoint>
                <SequencePoint vc="2" uspid="1704" ordinal="25" offset="346" sl="72" sc="17" el="72" ec="18" bec="0" bev="0" fileid="35">
                  <TrackedMethodRefs>
                    <TrackedMethodRef uid="48" vc="2" />
                  </TrackedMethodRefs>
                </SequencePoint>
                <SequencePoint vc="8" uspid="1705" ordinal="26" offset="347" sl="74" sc="17" el="74" ec="113" bec="0" bev="0" fileid="35">
                  <TrackedMethodRefs>
                    <TrackedMethodRef uid="48" vc="8" />
                  </TrackedMethodRefs>
                </SequencePoint>
                <SequencePoint vc="8" uspid="1706" ordinal="27" offset="381" sl="77" sc="17" el="77" ec="72" bec="2" bev="2" fileid="35">
                  <TrackedMethodRefs>
                    <TrackedMethodRef uid="48" vc="8" />
                  </TrackedMethodRefs>
                </SequencePoint>
                <SequencePoint vc="4" uspid="1707" ordinal="28" offset="416" sl="78" sc="17" el="78" ec="18" bec="0" bev="0" fileid="35">
                  <TrackedMethodRefs>
                    <TrackedMethodRef uid="48" vc="4" />
                  </TrackedMethodRefs>
                </SequencePoint>
                <SequencePoint vc="4" uspid="1708" ordinal="29" offset="417" sl="79" sc="21" el="79" ec="97" bec="0" bev="0" fileid="35">
                  <TrackedMethodRefs>
                    <TrackedMethodRef uid="48" vc="4" />
                  </TrackedMethodRefs>
                </SequencePoint>
                <SequencePoint vc="4" uspid="1709" ordinal="30" offset="443" sl="80" sc="21" el="80" ec="54" bec="0" bev="0" fileid="35">
                  <TrackedMethodRefs>
                    <TrackedMethodRef uid="48" vc="4" />
                  </TrackedMethodRefs>
                </SequencePoint>
                <SequencePoint vc="4" uspid="1710" ordinal="31" offset="453" sl="82" sc="21" el="82" ec="70" bec="0" bev="0" fileid="35">
                  <TrackedMethodRefs>
                    <TrackedMethodRef uid="48" vc="4" />
                  </TrackedMethodRefs>
                </SequencePoint>
                <SequencePoint vc="4" uspid="1711" ordinal="32" offset="471" sl="83" sc="17" el="83" ec="18" bec="0" bev="0" fileid="35">
                  <TrackedMethodRefs>
                    <TrackedMethodRef uid="48" vc="4" />
                  </TrackedMethodRefs>
                </SequencePoint>
                <SequencePoint vc="8" uspid="1712" ordinal="33" offset="472" sl="87" sc="17" el="87" ec="113" bec="0" bev="0" fileid="35">
                  <TrackedMethodRefs>
                    <TrackedMethodRef uid="48" vc="8" />
                  </TrackedMethodRefs>
                </SequencePoint>
                <SequencePoint vc="8" uspid="1713" ordinal="34" offset="506" sl="90" sc="17" el="90" ec="47" bec="2" bev="2" fileid="35">
                  <TrackedMethodRefs>
                    <TrackedMethodRef uid="48" vc="8" />
                  </TrackedMethodRefs>
                </SequencePoint>
                <SequencePoint vc="1" uspid="1714" ordinal="35" offset="524" sl="91" sc="17" el="91" ec="18" bec="0" bev="0" fileid="35">
                  <TrackedMethodRefs>
                    <TrackedMethodRef uid="48" vc="1" />
                  </TrackedMethodRefs>
                </SequencePoint>
                <SequencePoint vc="1" uspid="1715" ordinal="36" offset="525" sl="92" sc="21" el="92" ec="70" bec="2" bev="1" fileid="35">
                  <TrackedMethodRefs>
                    <TrackedMethodRef uid="48" vc="1" />
                  </TrackedMethodRefs>
                </SequencePoint>
                <SequencePoint vc="1" uspid="1716" ordinal="37" offset="551" sl="93" sc="25" el="93" ec="76" bec="0" bev="0" fileid="35">
                  <TrackedMethodRefs>
                    <TrackedMethodRef uid="48" vc="1" />
                  </TrackedMethodRefs>
                </SequencePoint>
                <SequencePoint vc="1" uspid="1717" ordinal="38" offset="569" sl="95" sc="21" el="95" ec="100" bec="0" bev="0" fileid="35">
                  <TrackedMethodRefs>
                    <TrackedMethodRef uid="48" vc="1" />
                  </TrackedMethodRefs>
                </SequencePoint>
                <SequencePoint vc="1" uspid="1718" ordinal="39" offset="595" sl="96" sc="21" el="96" ec="53" bec="0" bev="0" fileid="35">
                  <TrackedMethodRefs>
                    <TrackedMethodRef uid="48" vc="1" />
                  </TrackedMethodRefs>
                </SequencePoint>
                <SequencePoint vc="1" uspid="1719" ordinal="40" offset="605" sl="98" sc="21" el="98" ec="68" bec="0" bev="0" fileid="35">
                  <TrackedMethodRefs>
                    <TrackedMethodRef uid="48" vc="1" />
                  </TrackedMethodRefs>
                </SequencePoint>
                <SequencePoint vc="1" uspid="1720" ordinal="41" offset="623" sl="99" sc="17" el="99" ec="18" bec="0" bev="0" fileid="35">
                  <TrackedMethodRefs>
                    <TrackedMethodRef uid="48" vc="1" />
                  </TrackedMethodRefs>
                </SequencePoint>
                <SequencePoint vc="8" uspid="1721" ordinal="42" offset="624" sl="102" sc="17" el="102" ec="47" bec="2" bev="2" fileid="35">
                  <TrackedMethodRefs>
                    <TrackedMethodRef uid="48" vc="8" />
                  </TrackedMethodRefs>
                </SequencePoint>
                <SequencePoint vc="1" uspid="1722" ordinal="43" offset="642" sl="103" sc="17" el="103" ec="18" bec="0" bev="0" fileid="35">
                  <TrackedMethodRefs>
                    <TrackedMethodRef uid="48" vc="1" />
                  </TrackedMethodRefs>
                </SequencePoint>
                <SequencePoint vc="1" uspid="1723" ordinal="44" offset="643" sl="104" sc="21" el="104" ec="101" bec="0" bev="0" fileid="35">
                  <TrackedMethodRefs>
                    <TrackedMethodRef uid="48" vc="1" />
                  </TrackedMethodRefs>
                </SequencePoint>
                <SequencePoint vc="1" uspid="1724" ordinal="45" offset="669" sl="105" sc="21" el="105" ec="58" bec="0" bev="0" fileid="35">
                  <TrackedMethodRefs>
                    <TrackedMethodRef uid="48" vc="1" />
                  </TrackedMethodRefs>
                </SequencePoint>
                <SequencePoint vc="1" uspid="1725" ordinal="46" offset="679" sl="106" sc="21" el="106" ec="60" bec="0" bev="0" fileid="35">
                  <TrackedMethodRefs>
                    <TrackedMethodRef uid="48" vc="1" />
                  </TrackedMethodRefs>
                </SequencePoint>
                <SequencePoint vc="1" uspid="1726" ordinal="47" offset="688" sl="107" sc="21" el="107" ec="47" bec="0" bev="0" fileid="35">
                  <TrackedMethodRefs>
                    <TrackedMethodRef uid="48" vc="1" />
                  </TrackedMethodRefs>
                </SequencePoint>
                <SequencePoint vc="1" uspid="1727" ordinal="48" offset="696" sl="108" sc="17" el="108" ec="18" bec="0" bev="0" fileid="35">
                  <TrackedMethodRefs>
                    <TrackedMethodRef uid="48" vc="1" />
                  </TrackedMethodRefs>
                </SequencePoint>
                <SequencePoint vc="8" uspid="1728" ordinal="49" offset="697" sl="110" sc="13" el="110" ec="14" bec="0" bev="0" fileid="35">
                  <TrackedMethodRefs>
                    <TrackedMethodRef uid="48" vc="8" />
                  </TrackedMethodRefs>
                </SequencePoint>
                <SequencePoint vc="10" uspid="1729" ordinal="50" offset="698" sl="53" sc="47" el="53" ec="49" bec="0" bev="0" fileid="35">
                  <TrackedMethodRefs>
                    <TrackedMethodRef uid="48" vc="10" />
                  </TrackedMethodRefs>
                </SequencePoint>
                <SequencePoint vc="2" uspid="1730" ordinal="51" offset="725" sl="112" sc="13" el="112" ec="27" bec="0" bev="0" fileid="35">
                  <TrackedMethodRefs>
                    <TrackedMethodRef uid="48" vc="2" />
                  </TrackedMethodRefs>
                </SequencePoint>
                <SequencePoint vc="2" uspid="1731" ordinal="52" offset="732" sl="114" sc="9" el="114" ec="10" bec="0" bev="0" fileid="35">
                  <TrackedMethodRefs>
                    <TrackedMethodRef uid="48" vc="2" />
                  </TrackedMethodRefs>
                </SequencePoint>
              </SequencePoints>
              <BranchPoints>
                <BranchPoint vc="1" uspid="1732" ordinal="0" offset="30" sl="29" path="0" offsetend="32" fileid="35">
                  <TrackedMethodRefs>
                    <TrackedMethodRef uid="48" vc="1" />
                  </TrackedMethodRefs>
                </BranchPoint>
                <BranchPoint vc="1" uspid="1733" ordinal="1" offset="30" sl="29" path="1" offsetend="40" fileid="35">
                  <TrackedMethodRefs>
                    <TrackedMethodRef uid="48" vc="1" />
                  </TrackedMethodRefs>
                </BranchPoint>
                <BranchPoint vc="1" uspid="1734" ordinal="2" offset="99" sl="39" path="0" offsetend="101" fileid="35">
                  <TrackedMethodRefs>
                    <TrackedMethodRef uid="48" vc="1" />
                  </TrackedMethodRefs>
                </BranchPoint>
                <BranchPoint vc="1" uspid="1735" ordinal="3" offset="99" sl="39" path="1" offsetend="111" fileid="35">
                  <TrackedMethodRefs>
                    <TrackedMethodRef uid="48" vc="1" />
                  </TrackedMethodRefs>
                </BranchPoint>
                <BranchPoint vc="2" uspid="1738" ordinal="6" offset="224" sl="58" path="0" offsetend="226" fileid="35">
                  <TrackedMethodRefs>
                    <TrackedMethodRef uid="48" vc="2" />
                  </TrackedMethodRefs>
                </BranchPoint>
                <BranchPoint vc="6" uspid="1739" ordinal="7" offset="224" sl="58" path="1" offsetend="347" fileid="35">
                  <TrackedMethodRefs>
                    <TrackedMethodRef uid="48" vc="6" />
                  </TrackedMethodRefs>
                </BranchPoint>
                <BranchPoint vc="1" uspid="1740" ordinal="8" offset="277" sl="67" path="0" offsetend="279" fileid="35">
                  <TrackedMethodRefs>
                    <TrackedMethodRef uid="48" vc="1" />
                  </TrackedMethodRefs>
                </BranchPoint>
                <BranchPoint vc="1" uspid="1741" ordinal="9" offset="277" sl="67" path="1" offsetend="297" fileid="35">
                  <TrackedMethodRefs>
                    <TrackedMethodRef uid="48" vc="1" />
                  </TrackedMethodRefs>
                </BranchPoint>
                <BranchPoint vc="1" uspid="1742" ordinal="10" offset="326" sl="70" path="0" offsetend="328" fileid="35">
                  <TrackedMethodRefs>
                    <TrackedMethodRef uid="48" vc="1" />
                  </TrackedMethodRefs>
                </BranchPoint>
                <BranchPoint vc="1" uspid="1743" ordinal="11" offset="326" sl="70" path="1" offsetend="346" fileid="35">
                  <TrackedMethodRefs>
                    <TrackedMethodRef uid="48" vc="1" />
                  </TrackedMethodRefs>
                </BranchPoint>
                <BranchPoint vc="4" uspid="1746" ordinal="14" offset="414" sl="77" path="0" offsetend="416" fileid="35">
                  <TrackedMethodRefs>
                    <TrackedMethodRef uid="48" vc="4" />
                  </TrackedMethodRefs>
                </BranchPoint>
                <BranchPoint vc="4" uspid="1747" ordinal="15" offset="414" sl="77" path="1" offsetend="472" fileid="35">
                  <TrackedMethodRefs>
                    <TrackedMethodRef uid="48" vc="4" />
                  </TrackedMethodRefs>
                </BranchPoint>
                <BranchPoint vc="1" uspid="1748" ordinal="16" offset="522" sl="90" path="0" offsetend="524" fileid="35">
                  <TrackedMethodRefs>
                    <TrackedMethodRef uid="48" vc="1" />
                  </TrackedMethodRefs>
                </BranchPoint>
                <BranchPoint vc="7" uspid="1749" ordinal="17" offset="522" sl="90" path="1" offsetend="624" fileid="35">
                  <TrackedMethodRefs>
                    <TrackedMethodRef uid="48" vc="7" />
                  </TrackedMethodRefs>
                </BranchPoint>
                <BranchPoint vc="1" uspid="1750" ordinal="18" offset="549" sl="92" path="0" offsetend="551" fileid="35">
                  <TrackedMethodRefs>
                    <TrackedMethodRef uid="48" vc="1" />
                  </TrackedMethodRefs>
                </BranchPoint>
                <BranchPoint vc="0" uspid="1751" ordinal="19" offset="549" sl="92" path="1" offsetend="569" fileid="35" />
                <BranchPoint vc="1" uspid="1752" ordinal="20" offset="640" sl="102" path="0" offsetend="642" fileid="35">
                  <TrackedMethodRefs>
                    <TrackedMethodRef uid="48" vc="1" />
                  </TrackedMethodRefs>
                </BranchPoint>
                <BranchPoint vc="7" uspid="1753" ordinal="21" offset="640" sl="102" path="1" offsetend="697" fileid="35">
                  <TrackedMethodRefs>
                    <TrackedMethodRef uid="48" vc="7" />
                  </TrackedMethodRefs>
                </BranchPoint>
              </BranchPoints>
              <MethodPoint xsi:type="SequencePoint" vc="2" uspid="1679" ordinal="0" offset="0" sl="21" sc="9" el="21" ec="10" bec="0" bev="0" fileid="35">
                <TrackedMethodRefs>
                  <TrackedMethodRef uid="48" vc="2" />
                </TrackedMethodRefs>
              </MethodPoint>
            </Method>
          </Methods>
        </Class>
        <Class>
          <Summary numSequencePoints="1" visitedSequencePoints="1" numBranchPoints="1" visitedBranchPoints="1" sequenceCoverage="100" branchCoverage="100" maxCyclomaticComplexity="1" minCyclomaticComplexity="1" maxCrapScore="2" minCrapScore="1" visitedClasses="1" numClasses="1" visitedMethods="1" numMethods="1" />
          <FullName>HETS1Design.ZipArchiveHandler/&lt;&gt;c</FullName>
          <Methods>
            <Method visited="false" cyclomaticComplexity="1" nPathComplexity="0" sequenceCoverage="0" branchCoverage="0" crapScore="2" isConstructor="true" isStatic="true" isGetter="false" isSetter="false">
              <Summary numSequencePoints="0" visitedSequencePoints="0" numBranchPoints="0" visitedBranchPoints="0" sequenceCoverage="0" branchCoverage="0" maxCyclomaticComplexity="1" minCyclomaticComplexity="1" maxCrapScore="2" minCrapScore="2" visitedClasses="0" numClasses="0" visitedMethods="0" numMethods="0" />
              <MetadataToken>100663451</MetadataToken>
              <Name>System.Void HETS1Design.ZipArchiveHandler/&lt;&gt;c::.cctor()</Name>
              <SequencePoints />
              <BranchPoints />
              <MethodPoint vc="0" uspid="1756" ordinal="0" offset="0" />
            </Method>
            <Method visited="false" cyclomaticComplexity="1" nPathComplexity="0" sequenceCoverage="0" branchCoverage="0" crapScore="2" isConstructor="true" isStatic="false" isGetter="false" isSetter="false">
              <Summary numSequencePoints="0" visitedSequencePoints="0" numBranchPoints="0" visitedBranchPoints="0" sequenceCoverage="0" branchCoverage="0" maxCyclomaticComplexity="1" minCyclomaticComplexity="1" maxCrapScore="2" minCrapScore="2" visitedClasses="0" numClasses="0" visitedMethods="0" numMethods="0" />
              <MetadataToken>100663452</MetadataToken>
              <Name>System.Void HETS1Design.ZipArchiveHandler/&lt;&gt;c::.ctor()</Name>
              <SequencePoints />
              <BranchPoints />
              <MethodPoint vc="0" uspid="1757" ordinal="0" offset="0" />
            </Method>
            <Method visited="true" cyclomaticComplexity="1" nPathComplexity="0" sequenceCoverage="100" branchCoverage="100" crapScore="1" isConstructor="false" isStatic="false" isGetter="false" isSetter="false">
              <Summary numSequencePoints="1" visitedSequencePoints="1" numBranchPoints="1" visitedBranchPoints="1" sequenceCoverage="100" branchCoverage="100" maxCyclomaticComplexity="1" minCyclomaticComplexity="1" maxCrapScore="1" minCrapScore="1" visitedClasses="0" numClasses="0" visitedMethods="1" numMethods="1" />
              <MetadataToken>100663453</MetadataToken>
              <Name>System.String HETS1Design.ZipArchiveHandler/&lt;&gt;c::&lt;GetSubmissionData&gt;b__0_0(System.IO.Compression.ZipArchiveEntry)</Name>
              <FileRef uid="35" />
              <SequencePoints>
                <SequencePoint vc="8" uspid="1758" ordinal="0" offset="0" sl="49" sc="25" el="49" ec="39" bec="0" bev="0" fileid="35">
                  <TrackedMethodRefs>
                    <TrackedMethodRef uid="48" vc="8" />
                  </TrackedMethodRefs>
                </SequencePoint>
              </SequencePoints>
              <BranchPoints />
              <MethodPoint xsi:type="SequencePoint" vc="8" uspid="1758" ordinal="0" offset="0" sl="49" sc="25" el="49" ec="39" bec="0" bev="0" fileid="35">
                <TrackedMethodRefs>
                  <TrackedMethodRef uid="48" vc="8" />
                </TrackedMethodRefs>
              </MethodPoint>
            </Method>
          </Methods>
        </Class>
      </Classes>
      <TrackedMethods />
    </Module>
  </Modules>
</CoverageSession>